{"timestamp":"2026-03-14T08:26:36.272303Z","level":"info","event":"DAG bundles loaded: dags-folder, example_dags","logger":"airflow.dag_processing.bundles.manager.DagBundlesManager","filename":"manager.py","lineno":179}
{"timestamp":"2026-03-14T08:26:36.274340Z","level":"info","event":"Filling up the DagBag from /opt/airflow/dags/taxi_pipeline.py","logger":"airflow.models.dagbag.BundleDagBag","filename":"dagbag.py","lineno":593}
{"timestamp":"2026-03-14T08:26:36.284063Z","level":"warning","event":"The `airflow.operators.python.PythonOperator` attribute is deprecated. Please use `'airflow.providers.standard.operators.python.PythonOperator'`.","category":"DeprecatedImportWarning","filename":"/opt/airflow/dags/taxi_pipeline.py","lineno":2,"logger":"py.warnings"}
{"timestamp":"2026-03-14T08:26:36.296405Z","level":"info","event":"Task instance is in running state","logger":"task.stdout"}
{"timestamp":"2026-03-14T08:26:36.296725Z","level":"info","event":" Previous state of the Task instance: TaskInstanceState.QUEUED","logger":"task.stdout"}
{"timestamp":"2026-03-14T08:26:36.296930Z","level":"info","event":"Current task name:clean_taxi_data","logger":"task.stdout"}
{"timestamp":"2026-03-14T08:26:36.297121Z","level":"info","event":"Dag name:nyc_taxi_etl_pipeline","logger":"task.stdout"}
{"timestamp":"2026-03-14T08:26:36.304379Z","level":"info","event":"Loading raw data from: /opt/airflow/dags/nyc_taxi_raw.csv","logger":"root","filename":"taxi_pipeline.py","lineno":70}
{"timestamp":"2026-03-14T08:26:36.324632Z","level":"info","event":"Initial row count: 2637","logger":"root","filename":"taxi_pipeline.py","lineno":76}
{"timestamp":"2026-03-14T08:26:36.324749Z","level":"info","event":"Forcing numeric conversion for critical columns...","logger":"root","filename":"taxi_pipeline.py","lineno":78}
{"timestamp":"2026-03-14T08:26:36.326803Z","level":"info","event":"Step 1: Removed 0 rows with null values.","logger":"root","filename":"taxi_pipeline.py","lineno":84}
{"timestamp":"2026-03-14T08:26:36.335627Z","level":"info","event":"Step 2: Removed 0 rows due to invalid datetime parsing.","logger":"root","filename":"taxi_pipeline.py","lineno":90}
{"timestamp":"2026-03-14T08:26:36.336519Z","level":"info","event":"Step 3: Removed 1 rows due to invalid fare_amount.","logger":"root","filename":"taxi_pipeline.py","lineno":95}
{"timestamp":"2026-03-14T08:26:36.336996Z","level":"info","event":"Step 4: Removed 5 rows due to invalid trip_distance.","logger":"root","filename":"taxi_pipeline.py","lineno":100}
{"timestamp":"2026-03-14T08:26:36.337139Z","level":"info","event":"Step 5: Removed 0 rows due to invalid coordinates.","logger":"root","filename":"taxi_pipeline.py","lineno":118}
{"timestamp":"2026-03-14T08:26:36.337191Z","level":"info","event":"Cleaning complete. Remaining rows: 2631","logger":"root","filename":"taxi_pipeline.py","lineno":120}
{"timestamp":"2026-03-14T08:26:36.359417Z","level":"info","event":"Saved cleaned data to: /opt/airflow/dags/nyc_taxi_clean.csv","logger":"root","filename":"taxi_pipeline.py","lineno":124}
{"timestamp":"2026-03-14T08:26:36.368817Z","level":"info","event":"Done. Returned value was: /opt/airflow/dags/nyc_taxi_clean.csv","logger":"airflow.task.operators.airflow.providers.standard.operators.python.PythonOperator","filename":"python.py","lineno":230}
{"timestamp":"2026-03-14T08:26:36.369016Z","level":"info","event":"Pushing xcom","ti":"RuntimeTaskInstance(id=UUID('019ceb74-46c6-7247-ad99-e060f4c2b10b'), task_id='clean_taxi_data', dag_id='nyc_taxi_etl_pipeline', run_id='manual__2026-03-14T08:26:31.988377+00:00', try_number=1, dag_version_id=UUID('019ceb73-dd4f-76ab-81ac-be474428d437'), map_index=-1, hostname='cf4d78620643', context_carrier={}, task=<Task(PythonOperator): clean_taxi_data>, bundle_instance=LocalDagBundle(name=dags-folder), max_tries=1, start_date=datetime.datetime(2026, 3, 14, 8, 26, 36, 30582, tzinfo=datetime.timezone.utc), end_date=None, state=<TaskInstanceState.RUNNING: 'running'>, is_mapped=False, rendered_map_index=None)","logger":"task","filename":"task_runner.py","lineno":1522}
{"timestamp":"2026-03-14T08:26:36.387029Z","level":"info","event":"Task instance in success state","logger":"task.stdout"}
{"timestamp":"2026-03-14T08:26:36.387289Z","level":"info","event":" Previous state of the Task instance: TaskInstanceState.RUNNING","logger":"task.stdout"}
{"timestamp":"2026-03-14T08:26:36.387580Z","level":"info","event":"Task operator:<Task(PythonOperator): clean_taxi_data>","logger":"task.stdout"}
