{"timestamp":"2026-03-14T08:21:19.983760Z","level":"info","event":"DAG bundles loaded: dags-folder, example_dags","logger":"airflow.dag_processing.bundles.manager.DagBundlesManager","filename":"manager.py","lineno":179}
{"timestamp":"2026-03-14T08:21:19.984941Z","level":"info","event":"Filling up the DagBag from /opt/airflow/dags/taxi_pipeline.py","logger":"airflow.models.dagbag.BundleDagBag","filename":"dagbag.py","lineno":593}
{"timestamp":"2026-03-14T08:21:19.994488Z","level":"warning","event":"The `airflow.operators.python.PythonOperator` attribute is deprecated. Please use `'airflow.providers.standard.operators.python.PythonOperator'`.","category":"DeprecatedImportWarning","filename":"/opt/airflow/dags/taxi_pipeline.py","lineno":2,"logger":"py.warnings"}
{"timestamp":"2026-03-14T08:21:20.012416Z","level":"info","event":"Task instance is in running state","logger":"task.stdout"}
{"timestamp":"2026-03-14T08:21:20.012829Z","level":"info","event":" Previous state of the Task instance: TaskInstanceState.QUEUED","logger":"task.stdout"}
{"timestamp":"2026-03-14T08:21:20.013092Z","level":"info","event":"Current task name:clean_taxi_data","logger":"task.stdout"}
{"timestamp":"2026-03-14T08:21:20.013373Z","level":"info","event":"Dag name:nyc_taxi_etl_pipeline","logger":"task.stdout"}
{"timestamp":"2026-03-14T08:21:20.021733Z","level":"info","event":"Loading raw data from: /opt/airflow/dags/nyc_taxi_raw.csv","logger":"root","filename":"taxi_pipeline.py","lineno":70}
{"timestamp":"2026-03-14T08:21:20.044721Z","level":"info","event":"Initial row count: 10000","logger":"root","filename":"taxi_pipeline.py","lineno":76}
{"timestamp":"2026-03-14T08:21:20.044856Z","level":"info","event":"Forcing numeric conversion for critical columns...","logger":"root","filename":"taxi_pipeline.py","lineno":78}
{"timestamp":"2026-03-14T08:21:20.047415Z","level":"info","event":"Step 1: Removed 0 rows with null values.","logger":"root","filename":"taxi_pipeline.py","lineno":84}
{"timestamp":"2026-03-14T08:21:20.049315Z","level":"warning","event":"Could not infer format, so each element will be parsed individually, falling back to `dateutil`. To ensure parsing is consistent and as-expected, please specify a format.","category":"UserWarning","filename":"/opt/airflow/dags/taxi_pipeline.py","lineno":87,"logger":"py.warnings"}
{"timestamp":"2026-03-14T08:21:20.445776Z","level":"info","event":"Step 2: Removed 0 rows due to invalid datetime parsing.","logger":"root","filename":"taxi_pipeline.py","lineno":90}
{"timestamp":"2026-03-14T08:21:20.446782Z","level":"info","event":"Step 3: Removed 4 rows due to invalid fare_amount.","logger":"root","filename":"taxi_pipeline.py","lineno":95}
{"timestamp":"2026-03-14T08:21:20.447575Z","level":"info","event":"Step 4: Removed 46 rows due to invalid trip_distance.","logger":"root","filename":"taxi_pipeline.py","lineno":100}
{"timestamp":"2026-03-14T08:21:20.447693Z","level":"info","event":"Step 5: Removed 0 rows due to invalid coordinates.","logger":"root","filename":"taxi_pipeline.py","lineno":118}
{"timestamp":"2026-03-14T08:21:20.447746Z","level":"info","event":"Cleaning complete. Remaining rows: 9950","logger":"root","filename":"taxi_pipeline.py","lineno":120}
{"timestamp":"2026-03-14T08:21:20.541158Z","level":"info","event":"Saved cleaned data to: /opt/airflow/dags/nyc_taxi_clean.csv","logger":"root","filename":"taxi_pipeline.py","lineno":124}
{"timestamp":"2026-03-14T08:21:20.550968Z","level":"info","event":"Done. Returned value was: /opt/airflow/dags/nyc_taxi_clean.csv","logger":"airflow.task.operators.airflow.providers.standard.operators.python.PythonOperator","filename":"python.py","lineno":230}
{"timestamp":"2026-03-14T08:21:20.551257Z","level":"info","event":"Pushing xcom","ti":"RuntimeTaskInstance(id=UUID('019ceb6f-6de4-711f-ac1c-d71c911b939a'), task_id='clean_taxi_data', dag_id='nyc_taxi_etl_pipeline', run_id='manual__2026-03-14T08:21:14.323462+00:00', try_number=1, dag_version_id=UUID('019ceb6e-51a5-7250-981b-dc9af4eecd91'), map_index=-1, hostname='cf4d78620643', context_carrier={}, task=<Task(PythonOperator): clean_taxi_data>, bundle_instance=LocalDagBundle(name=dags-folder), max_tries=1, start_date=datetime.datetime(2026, 3, 14, 8, 21, 19, 700595, tzinfo=datetime.timezone.utc), end_date=None, state=<TaskInstanceState.RUNNING: 'running'>, is_mapped=False, rendered_map_index=None)","logger":"task","filename":"task_runner.py","lineno":1522}
{"timestamp":"2026-03-14T08:21:20.571911Z","level":"info","event":"Task instance in success state","logger":"task.stdout"}
{"timestamp":"2026-03-14T08:21:20.572150Z","level":"info","event":" Previous state of the Task instance: TaskInstanceState.RUNNING","logger":"task.stdout"}
{"timestamp":"2026-03-14T08:21:20.572414Z","level":"info","event":"Task operator:<Task(PythonOperator): clean_taxi_data>","logger":"task.stdout"}
