{"timestamp":"2026-03-14T08:11:39.588052Z","level":"info","event":"DAG bundles loaded: dags-folder, example_dags","logger":"airflow.dag_processing.bundles.manager.DagBundlesManager","filename":"manager.py","lineno":179}
{"timestamp":"2026-03-14T08:11:39.589633Z","level":"info","event":"Filling up the DagBag from /opt/airflow/dags/taxi_pipeline.py","logger":"airflow.models.dagbag.BundleDagBag","filename":"dagbag.py","lineno":593}
{"timestamp":"2026-03-14T08:11:39.601580Z","level":"warning","event":"The `airflow.operators.python.PythonOperator` attribute is deprecated. Please use `'airflow.providers.standard.operators.python.PythonOperator'`.","category":"DeprecatedImportWarning","filename":"/opt/airflow/dags/taxi_pipeline.py","lineno":2,"logger":"py.warnings"}
{"timestamp":"2026-03-14T08:11:39.640717Z","level":"info","event":"Task instance is in running state","logger":"task.stdout"}
{"timestamp":"2026-03-14T08:11:39.641079Z","level":"info","event":" Previous state of the Task instance: TaskInstanceState.QUEUED","logger":"task.stdout"}
{"timestamp":"2026-03-14T08:11:39.641466Z","level":"info","event":"Current task name:transform_taxi_data","logger":"task.stdout"}
{"timestamp":"2026-03-14T08:11:39.641640Z","level":"info","event":"Dag name:nyc_taxi_etl_pipeline","logger":"task.stdout"}
{"timestamp":"2026-03-14T08:11:39.648759Z","level":"info","event":"Loading clean data from: /opt/airflow/dags/nyc_taxi_clean.csv","logger":"root","filename":"taxi_pipeline.py","lineno":137}
{"timestamp":"2026-03-14T08:11:39.680243Z","level":"warning","event":"Could not infer format, so each element will be parsed individually, falling back to `dateutil`. To ensure parsing is consistent and as-expected, please specify a format.","category":"UserWarning","filename":"/opt/airflow/dags/taxi_pipeline.py","lineno":142,"logger":"py.warnings"}
{"timestamp":"2026-03-14T08:11:40.105247Z","level":"info","event":"Computing derived features...","logger":"root","filename":"taxi_pipeline.py","lineno":144}
{"timestamp":"2026-03-14T08:11:40.116810Z","level":"info","event":"Filtered out 32 unrealistic trips (speed > 80 mph or duration < 1 min).","logger":"root","filename":"taxi_pipeline.py","lineno":166}
{"timestamp":"2026-03-14T08:11:40.117019Z","level":"info","event":"Descriptive statistics for derived features:","logger":"root","filename":"taxi_pipeline.py","lineno":169}
{"timestamp":"2026-03-14T08:11:40.139960Z","level":"info","event":"\n       trip_duration_minutes    speed_mph  fare_per_mile  pickup_hour  pickup_day_of_week\ncount            9950.000000  9950.000000    9950.000000  9950.000000         9950.000000\nmean               20.792776     9.414942       6.670023    15.454673            0.029849\nstd                74.215295     4.598088       8.062280     0.761091            0.297768\nmin                 1.016667     0.009193       0.000546     6.000000            0.000000\n25%                 7.366667     6.494535       4.895364    15.000000            0.000000\n50%                12.316667     8.240964       6.111111    15.000000            0.000000\n75%                20.862500    10.865823       7.500000    16.000000            0.000000\nmax              1437.500000    44.057971     650.000000    21.000000            3.000000","logger":"root","filename":"taxi_pipeline.py","lineno":171}
{"timestamp":"2026-03-14T08:11:40.343453Z","level":"info","event":"Saved transformed data to: /opt/airflow/dags/nyc_taxi_transformed.csv","logger":"root","filename":"taxi_pipeline.py","lineno":176}
{"timestamp":"2026-03-14T08:11:40.356607Z","level":"info","event":"Done. Returned value was: /opt/airflow/dags/nyc_taxi_transformed.csv","logger":"airflow.task.operators.airflow.providers.standard.operators.python.PythonOperator","filename":"python.py","lineno":230}
{"timestamp":"2026-03-14T08:11:40.356883Z","level":"info","event":"Pushing xcom","ti":"RuntimeTaskInstance(id=UUID('019ceb66-91ba-72da-810e-efa77f067a3f'), task_id='transform_taxi_data', dag_id='nyc_taxi_etl_pipeline', run_id='scheduled__2026-03-14T00:00:00+00:00', try_number=1, dag_version_id=UUID('019ceb66-10cf-7abd-b140-5989ef16b32c'), map_index=-1, hostname='cf4d78620643', context_carrier={}, task=<Task(PythonOperator): transform_taxi_data>, bundle_instance=LocalDagBundle(name=dags-folder), max_tries=1, start_date=datetime.datetime(2026, 3, 14, 8, 11, 39, 287056, tzinfo=datetime.timezone.utc), end_date=None, state=<TaskInstanceState.RUNNING: 'running'>, is_mapped=False, rendered_map_index=None)","logger":"task","filename":"task_runner.py","lineno":1522}
{"timestamp":"2026-03-14T08:11:40.384323Z","level":"info","event":"Task instance in success state","logger":"task.stdout"}
{"timestamp":"2026-03-14T08:11:40.384872Z","level":"info","event":" Previous state of the Task instance: TaskInstanceState.RUNNING","logger":"task.stdout"}
{"timestamp":"2026-03-14T08:11:40.385241Z","level":"info","event":"Task operator:<Task(PythonOperator): transform_taxi_data>","logger":"task.stdout"}
{"timestamp":"2026-03-14T08:21:19.992801Z","level":"info","event":"DAG bundles loaded: dags-folder, example_dags","logger":"airflow.dag_processing.bundles.manager.DagBundlesManager","filename":"manager.py","lineno":179}
{"timestamp":"2026-03-14T08:21:19.993899Z","level":"info","event":"Filling up the DagBag from /opt/airflow/dags/taxi_pipeline.py","logger":"airflow.models.dagbag.BundleDagBag","filename":"dagbag.py","lineno":593}
{"timestamp":"2026-03-14T08:21:20.001888Z","level":"warning","event":"The `airflow.operators.python.PythonOperator` attribute is deprecated. Please use `'airflow.providers.standard.operators.python.PythonOperator'`.","category":"DeprecatedImportWarning","filename":"/opt/airflow/dags/taxi_pipeline.py","lineno":2,"logger":"py.warnings"}
{"timestamp":"2026-03-14T08:21:20.018525Z","level":"info","event":"Task instance is in running state","logger":"task.stdout"}
{"timestamp":"2026-03-14T08:21:20.018797Z","level":"info","event":" Previous state of the Task instance: TaskInstanceState.QUEUED","logger":"task.stdout"}
{"timestamp":"2026-03-14T08:21:20.019048Z","level":"info","event":"Current task name:transform_taxi_data","logger":"task.stdout"}
{"timestamp":"2026-03-14T08:21:20.019310Z","level":"info","event":"Dag name:nyc_taxi_etl_pipeline","logger":"task.stdout"}
{"timestamp":"2026-03-14T08:21:20.026195Z","level":"info","event":"Loading clean data from: /opt/airflow/dags/nyc_taxi_clean.csv","logger":"root","filename":"taxi_pipeline.py","lineno":138}
{"timestamp":"2026-03-14T08:21:20.053816Z","level":"warning","event":"Could not infer format, so each element will be parsed individually, falling back to `dateutil`. To ensure parsing is consistent and as-expected, please specify a format.","category":"UserWarning","filename":"/opt/airflow/dags/taxi_pipeline.py","lineno":143,"logger":"py.warnings"}
{"timestamp":"2026-03-14T08:21:20.438337Z","level":"info","event":"Computing derived features...","logger":"root","filename":"taxi_pipeline.py","lineno":145}
{"timestamp":"2026-03-14T08:21:20.443796Z","level":"info","event":"Filtered out 23 unrealistic trips (speed > 80 mph or duration < 1 min).","logger":"root","filename":"taxi_pipeline.py","lineno":167}
{"timestamp":"2026-03-14T08:21:20.443930Z","level":"info","event":"Descriptive statistics for derived features:","logger":"root","filename":"taxi_pipeline.py","lineno":170}
{"timestamp":"2026-03-14T08:21:20.455531Z","level":"info","event":"\n       trip_duration_minutes    speed_mph  fare_per_mile  pickup_hour  pickup_day_of_week\ncount            9927.000000  9927.000000    9927.000000  9927.000000              9927.0\nmean               16.610804    10.934066       5.854886    19.217588                 3.0\nstd                61.032204     4.891790       2.809407     0.599214                 0.0\nmin                 1.000000     0.026843       1.117886     6.000000                 3.0\n25%                 6.983333     7.656707       4.375000    19.000000                 3.0\n50%                11.316667     9.824561       5.400000    19.000000                 3.0\n75%                17.550000    12.926327       6.764706    19.000000                 3.0\nmax              1438.316667    47.276382     125.000000    21.000000                 3.0","logger":"root","filename":"taxi_pipeline.py","lineno":172}
{"timestamp":"2026-03-14T08:21:20.600913Z","level":"info","event":"Saved transformed data to: /opt/airflow/dags/nyc_taxi_transformed.csv","logger":"root","filename":"taxi_pipeline.py","lineno":177}
{"timestamp":"2026-03-14T08:21:20.611093Z","level":"info","event":"Done. Returned value was: /opt/airflow/dags/nyc_taxi_transformed.csv","logger":"airflow.task.operators.airflow.providers.standard.operators.python.PythonOperator","filename":"python.py","lineno":230}
{"timestamp":"2026-03-14T08:21:20.611311Z","level":"info","event":"Pushing xcom","ti":"RuntimeTaskInstance(id=UUID('019ceb6f-6fd2-7c08-a2e1-f37cf8b6eff0'), task_id='transform_taxi_data', dag_id='nyc_taxi_etl_pipeline', run_id='scheduled__2026-03-14T00:00:00+00:00', try_number=1, dag_version_id=UUID('019ceb6e-51a5-7250-981b-dc9af4eecd91'), map_index=-1, hostname='cf4d78620643', context_carrier={}, task=<Task(PythonOperator): transform_taxi_data>, bundle_instance=LocalDagBundle(name=dags-folder), max_tries=1, start_date=datetime.datetime(2026, 3, 14, 8, 21, 19, 700714, tzinfo=datetime.timezone.utc), end_date=None, state=<TaskInstanceState.RUNNING: 'running'>, is_mapped=False, rendered_map_index=None)","logger":"task","filename":"task_runner.py","lineno":1522}
{"timestamp":"2026-03-14T08:21:20.631117Z","level":"info","event":"Task instance in success state","logger":"task.stdout"}
{"timestamp":"2026-03-14T08:21:20.631534Z","level":"info","event":" Previous state of the Task instance: TaskInstanceState.RUNNING","logger":"task.stdout"}
{"timestamp":"2026-03-14T08:21:20.631906Z","level":"info","event":"Task operator:<Task(PythonOperator): transform_taxi_data>","logger":"task.stdout"}
{"timestamp":"2026-03-14T08:26:39.914283Z","level":"info","event":"DAG bundles loaded: dags-folder, example_dags","logger":"airflow.dag_processing.bundles.manager.DagBundlesManager","filename":"manager.py","lineno":179}
{"timestamp":"2026-03-14T08:26:39.915666Z","level":"info","event":"Filling up the DagBag from /opt/airflow/dags/taxi_pipeline.py","logger":"airflow.models.dagbag.BundleDagBag","filename":"dagbag.py","lineno":593}
{"timestamp":"2026-03-14T08:26:39.924619Z","level":"warning","event":"The `airflow.operators.python.PythonOperator` attribute is deprecated. Please use `'airflow.providers.standard.operators.python.PythonOperator'`.","category":"DeprecatedImportWarning","filename":"/opt/airflow/dags/taxi_pipeline.py","lineno":2,"logger":"py.warnings"}
{"timestamp":"2026-03-14T08:26:39.938227Z","level":"info","event":"Task instance is in running state","logger":"task.stdout"}
{"timestamp":"2026-03-14T08:26:39.938681Z","level":"info","event":" Previous state of the Task instance: TaskInstanceState.QUEUED","logger":"task.stdout"}
{"timestamp":"2026-03-14T08:26:39.939006Z","level":"info","event":"Current task name:transform_taxi_data","logger":"task.stdout"}
{"timestamp":"2026-03-14T08:26:39.939241Z","level":"info","event":"Dag name:nyc_taxi_etl_pipeline","logger":"task.stdout"}
{"timestamp":"2026-03-14T08:26:39.946542Z","level":"info","event":"Loading clean data from: /opt/airflow/dags/nyc_taxi_clean.csv","logger":"root","filename":"taxi_pipeline.py","lineno":138}
{"timestamp":"2026-03-14T08:26:39.976464Z","level":"warning","event":"Could not infer format, so each element will be parsed individually, falling back to `dateutil`. To ensure parsing is consistent and as-expected, please specify a format.","category":"UserWarning","filename":"/opt/airflow/dags/taxi_pipeline.py","lineno":143,"logger":"py.warnings"}
{"timestamp":"2026-03-14T08:26:40.328521Z","level":"info","event":"Computing derived features...","logger":"root","filename":"taxi_pipeline.py","lineno":145}
{"timestamp":"2026-03-14T08:26:40.333660Z","level":"info","event":"Filtered out 37 unrealistic trips (speed > 80 mph or duration < 1 min).","logger":"root","filename":"taxi_pipeline.py","lineno":167}
{"timestamp":"2026-03-14T08:26:40.333845Z","level":"info","event":"Descriptive statistics for derived features:","logger":"root","filename":"taxi_pipeline.py","lineno":170}
{"timestamp":"2026-03-14T08:26:40.343147Z","level":"info","event":"\n       trip_duration_minutes    speed_mph  fare_per_mile  pickup_hour  pickup_day_of_week\ncount            9907.000000  9907.000000    9907.000000  9907.000000              9907.0\nmean               19.335324     8.850080       6.963618    11.984859                 5.0\nstd                69.302982     4.470519       3.633599     0.206821                 0.0\nmin                 1.016667     0.017807       2.112962     6.000000                 5.0\n25%                 7.150000     5.812140       5.106383    12.000000                 5.0\n50%                12.583333     7.933649       6.334842    12.000000                 5.0\n75%                21.075000    10.680973       8.076923    12.000000                 5.0\nmax              1439.083333    75.555556     150.000000    13.000000                 5.0","logger":"root","filename":"taxi_pipeline.py","lineno":172}
{"timestamp":"2026-03-14T08:26:40.474788Z","level":"info","event":"Saved transformed data to: /opt/airflow/dags/nyc_taxi_transformed.csv","logger":"root","filename":"taxi_pipeline.py","lineno":177}
{"timestamp":"2026-03-14T08:26:40.486422Z","level":"info","event":"Done. Returned value was: /opt/airflow/dags/nyc_taxi_transformed.csv","logger":"airflow.task.operators.airflow.providers.standard.operators.python.PythonOperator","filename":"python.py","lineno":230}
{"timestamp":"2026-03-14T08:26:40.486646Z","level":"info","event":"Pushing xcom","ti":"RuntimeTaskInstance(id=UUID('019ceb74-49fe-787e-8d3c-3b56c9837475'), task_id='transform_taxi_data', dag_id='nyc_taxi_etl_pipeline', run_id='scheduled__2026-03-14T00:00:00+00:00', try_number=1, dag_version_id=UUID('019ceb73-dd4f-76ab-81ac-be474428d437'), map_index=-1, hostname='cf4d78620643', context_carrier={}, task=<Task(PythonOperator): transform_taxi_data>, bundle_instance=LocalDagBundle(name=dags-folder), max_tries=1, start_date=datetime.datetime(2026, 3, 14, 8, 26, 39, 655083, tzinfo=datetime.timezone.utc), end_date=None, state=<TaskInstanceState.RUNNING: 'running'>, is_mapped=False, rendered_map_index=None)","logger":"task","filename":"task_runner.py","lineno":1522}
{"timestamp":"2026-03-14T08:26:40.505491Z","level":"info","event":"Task instance in success state","logger":"task.stdout"}
{"timestamp":"2026-03-14T08:26:40.505747Z","level":"info","event":" Previous state of the Task instance: TaskInstanceState.RUNNING","logger":"task.stdout"}
{"timestamp":"2026-03-14T08:26:40.506102Z","level":"info","event":"Task operator:<Task(PythonOperator): transform_taxi_data>","logger":"task.stdout"}
{"timestamp":"2026-03-14T08:31:55.031049Z","level":"info","event":"DAG bundles loaded: dags-folder, example_dags","logger":"airflow.dag_processing.bundles.manager.DagBundlesManager","filename":"manager.py","lineno":179}
{"timestamp":"2026-03-14T08:31:55.032383Z","level":"info","event":"Filling up the DagBag from /opt/airflow/dags/taxi_pipeline.py","logger":"airflow.models.dagbag.BundleDagBag","filename":"dagbag.py","lineno":593}
{"timestamp":"2026-03-14T08:31:55.043065Z","level":"warning","event":"The `airflow.operators.python.PythonOperator` attribute is deprecated. Please use `'airflow.providers.standard.operators.python.PythonOperator'`.","category":"DeprecatedImportWarning","filename":"/opt/airflow/dags/taxi_pipeline.py","lineno":2,"logger":"py.warnings"}
{"timestamp":"2026-03-14T08:31:55.060007Z","level":"info","event":"Task instance is in running state","logger":"task.stdout"}
{"timestamp":"2026-03-14T08:31:55.060323Z","level":"info","event":" Previous state of the Task instance: TaskInstanceState.QUEUED","logger":"task.stdout"}
{"timestamp":"2026-03-14T08:31:55.060741Z","level":"info","event":"Current task name:transform_taxi_data","logger":"task.stdout"}
{"timestamp":"2026-03-14T08:31:55.061198Z","level":"info","event":"Dag name:nyc_taxi_etl_pipeline","logger":"task.stdout"}
{"timestamp":"2026-03-14T08:31:55.071017Z","level":"info","event":"Loading clean data from: /opt/airflow/dags/nyc_taxi_clean.csv","logger":"root","filename":"taxi_pipeline.py","lineno":138}
{"timestamp":"2026-03-14T08:31:55.124389Z","level":"info","event":"Computing derived features...","logger":"root","filename":"taxi_pipeline.py","lineno":145}
{"timestamp":"2026-03-14T08:31:55.129802Z","level":"info","event":"Filtered out 67 unrealistic trips (speed > 80 mph or duration < 1 min).","logger":"root","filename":"taxi_pipeline.py","lineno":167}
{"timestamp":"2026-03-14T08:31:55.129938Z","level":"info","event":"Descriptive statistics for derived features:","logger":"root","filename":"taxi_pipeline.py","lineno":170}
{"timestamp":"2026-03-14T08:31:55.137523Z","level":"info","event":"\n       trip_duration_minutes    speed_mph  fare_per_mile  pickup_hour  pickup_day_of_week\ncount            9686.000000  9686.000000    9686.000000  9686.000000         9686.000000\nmean               16.801648    17.022565       5.597618     2.583626            0.465620\nstd                74.997704     9.267714      33.384025     3.597219            1.005922\nmin                 1.000000     0.003465       0.002632     0.000000            0.000000\n25%                 5.883333    10.666667       3.409601     0.000000            0.000000\n50%                10.433333    15.136335       4.362416     1.000000            0.000000\n75%                17.700000    20.627948       5.882353     3.000000            0.000000\nmax              1438.316667    67.183099    3200.000000    23.000000            6.000000","logger":"root","filename":"taxi_pipeline.py","lineno":172}
{"timestamp":"2026-03-14T08:31:55.290991Z","level":"info","event":"Saved transformed data to: /opt/airflow/dags/nyc_taxi_transformed.csv","logger":"root","filename":"taxi_pipeline.py","lineno":177}
{"timestamp":"2026-03-14T08:31:55.301638Z","level":"info","event":"Done. Returned value was: /opt/airflow/dags/nyc_taxi_transformed.csv","logger":"airflow.task.operators.airflow.providers.standard.operators.python.PythonOperator","filename":"python.py","lineno":230}
{"timestamp":"2026-03-14T08:31:55.301891Z","level":"info","event":"Pushing xcom","ti":"RuntimeTaskInstance(id=UUID('019ceb79-1f12-76bd-8dd6-d4b58fbbf678'), task_id='transform_taxi_data', dag_id='nyc_taxi_etl_pipeline', run_id='scheduled__2026-03-14T00:00:00+00:00', try_number=1, dag_version_id=UUID('019ceb78-9b71-7d2e-a7a1-9bd11249f31c'), map_index=-1, hostname='cf4d78620643', context_carrier={}, task=<Task(PythonOperator): transform_taxi_data>, bundle_instance=LocalDagBundle(name=dags-folder), max_tries=1, start_date=datetime.datetime(2026, 3, 14, 8, 31, 54, 757568, tzinfo=datetime.timezone.utc), end_date=None, state=<TaskInstanceState.RUNNING: 'running'>, is_mapped=False, rendered_map_index=None)","logger":"task","filename":"task_runner.py","lineno":1522}
{"timestamp":"2026-03-14T08:31:55.321921Z","level":"info","event":"Task instance in success state","logger":"task.stdout"}
{"timestamp":"2026-03-14T08:31:55.322240Z","level":"info","event":" Previous state of the Task instance: TaskInstanceState.RUNNING","logger":"task.stdout"}
{"timestamp":"2026-03-14T08:31:55.322599Z","level":"info","event":"Task operator:<Task(PythonOperator): transform_taxi_data>","logger":"task.stdout"}
