{"timestamp":"2026-03-14T07:00:57.118280Z","level":"info","event":"DAG bundles loaded: dags-folder, example_dags","logger":"airflow.dag_processing.bundles.manager.DagBundlesManager","filename":"manager.py","lineno":179}
{"timestamp":"2026-03-14T07:00:57.119751Z","level":"info","event":"Filling up the DagBag from /opt/airflow/dags/taxi_pipeline.py","logger":"airflow.models.dagbag.BundleDagBag","filename":"dagbag.py","lineno":593}
{"timestamp":"2026-03-14T07:00:57.134992Z","level":"warning","event":"The `airflow.operators.python.PythonOperator` attribute is deprecated. Please use `'airflow.providers.standard.operators.python.PythonOperator'`.","category":"DeprecatedImportWarning","filename":"/opt/airflow/dags/taxi_pipeline.py","lineno":2,"logger":"py.warnings"}
{"timestamp":"2026-03-14T07:00:57.173684Z","level":"info","event":"Task instance is in running state","logger":"task.stdout"}
{"timestamp":"2026-03-14T07:00:57.174095Z","level":"info","event":" Previous state of the Task instance: TaskInstanceState.QUEUED","logger":"task.stdout"}
{"timestamp":"2026-03-14T07:00:57.174400Z","level":"info","event":"Current task name:ingest_taxi_data","logger":"task.stdout"}
{"timestamp":"2026-03-14T07:00:57.174617Z","level":"info","event":"Dag name:nyc_taxi_etl_pipeline","logger":"task.stdout"}
{"timestamp":"2026-03-14T07:00:57.177500Z","level":"info","event":"Attempt 1: Streaming download from https://data.cityofnewyork.us/api/views/4c9m-wp7t/rows.csv","logger":"root","filename":"taxi_pipeline.py","lineno":17}
{"timestamp":"2026-03-14T07:00:58.335415Z","level":"warning","event":"Download attempt 1 failed: 404 Client Error: Not Found for url: https://data.cityofnewyork.us/api/views/4c9m-wp7t/rows.csv","logger":"root","filename":"taxi_pipeline.py","lineno":30}
{"timestamp":"2026-03-14T07:01:03.336132Z","level":"info","event":"Attempt 2: Streaming download from https://data.cityofnewyork.us/api/views/4c9m-wp7t/rows.csv","logger":"root","filename":"taxi_pipeline.py","lineno":17}
{"timestamp":"2026-03-14T07:01:04.496541Z","level":"warning","event":"Download attempt 2 failed: 404 Client Error: Not Found for url: https://data.cityofnewyork.us/api/views/4c9m-wp7t/rows.csv","logger":"root","filename":"taxi_pipeline.py","lineno":30}
{"timestamp":"2026-03-14T07:01:09.497086Z","level":"info","event":"Attempt 3: Streaming download from https://data.cityofnewyork.us/api/views/4c9m-wp7t/rows.csv","logger":"root","filename":"taxi_pipeline.py","lineno":17}
{"timestamp":"2026-03-14T07:01:10.794723Z","level":"warning","event":"Download attempt 3 failed: 404 Client Error: Not Found for url: https://data.cityofnewyork.us/api/views/4c9m-wp7t/rows.csv","logger":"root","filename":"taxi_pipeline.py","lineno":30}
{"timestamp":"2026-03-14T07:01:10.795129Z","level":"error","event":"Task failed with exception","logger":"task","filename":"task_runner.py","lineno":1120,"error_detail":[{"exc_type":"AirflowException","exc_value":"Failed to download taxi data after 3 attempts: 404 Client Error: Not Found for url: https://data.cityofnewyork.us/api/views/4c9m-wp7t/rows.csv","exc_notes":[],"syntax_error":null,"is_cause":false,"frames":[{"filename":"/home/airflow/.local/lib/python3.12/site-packages/airflow/sdk/execution_time/task_runner.py","lineno":1068,"name":"run"},{"filename":"/home/airflow/.local/lib/python3.12/site-packages/airflow/sdk/execution_time/task_runner.py","lineno":1477,"name":"_execute_task"},{"filename":"/home/airflow/.local/lib/python3.12/site-packages/airflow/sdk/bases/operator.py","lineno":417,"name":"wrapper"},{"filename":"/home/airflow/.local/lib/python3.12/site-packages/airflow/providers/standard/operators/python.py","lineno":228,"name":"execute"},{"filename":"/home/airflow/.local/lib/python3.12/site-packages/airflow/providers/standard/operators/python.py","lineno":251,"name":"execute_callable"},{"filename":"/home/airflow/.local/lib/python3.12/site-packages/airflow/sdk/execution_time/callback_runner.py","lineno":82,"name":"run"},{"filename":"/opt/airflow/dags/taxi_pipeline.py","lineno":32,"name":"ingest_taxi_data"}],"is_group":false,"exceptions":[]},{"exc_type":"HTTPError","exc_value":"404 Client Error: Not Found for url: https://data.cityofnewyork.us/api/views/4c9m-wp7t/rows.csv","exc_notes":[],"syntax_error":null,"is_cause":false,"frames":[{"filename":"/opt/airflow/dags/taxi_pipeline.py","lineno":19,"name":"ingest_taxi_data"},{"filename":"/home/airflow/.local/lib/python3.12/site-packages/requests/models.py","lineno":1026,"name":"raise_for_status"}],"is_group":false,"exceptions":[]}]}
{"timestamp":"2026-03-14T07:01:10.817586Z","level":"info","event":"Task instance in failure state","logger":"task.stdout"}
{"timestamp":"2026-03-14T07:01:10.818206Z","level":"info","event":"Task start","logger":"task.stdout"}
{"timestamp":"2026-03-14T07:01:10.818804Z","level":"info","event":"Task:<Task(PythonOperator): ingest_taxi_data>","logger":"task.stdout"}
{"timestamp":"2026-03-14T07:01:10.819331Z","level":"info","event":"Failure caused by Failed to download taxi data after 3 attempts: 404 Client Error: Not Found for url: https://data.cityofnewyork.us/api/views/4c9m-wp7t/rows.csv","logger":"task.stdout"}
{"timestamp":"2026-03-14T07:14:21.674798Z","level":"info","event":"DAG bundles loaded: dags-folder, example_dags","logger":"airflow.dag_processing.bundles.manager.DagBundlesManager","filename":"manager.py","lineno":179}
{"timestamp":"2026-03-14T07:14:21.676795Z","level":"info","event":"Filling up the DagBag from /opt/airflow/dags/taxi_pipeline.py","logger":"airflow.models.dagbag.BundleDagBag","filename":"dagbag.py","lineno":593}
{"timestamp":"2026-03-14T07:14:21.695894Z","level":"warning","event":"The `airflow.operators.python.PythonOperator` attribute is deprecated. Please use `'airflow.providers.standard.operators.python.PythonOperator'`.","category":"DeprecatedImportWarning","filename":"/opt/airflow/dags/taxi_pipeline.py","lineno":4,"logger":"py.warnings"}
{"timestamp":"2026-03-14T07:14:21.720701Z","level":"info","event":"Task instance is in running state","logger":"task.stdout"}
{"timestamp":"2026-03-14T07:14:21.721671Z","level":"info","event":" Previous state of the Task instance: TaskInstanceState.QUEUED","logger":"task.stdout"}
{"timestamp":"2026-03-14T07:14:21.722320Z","level":"info","event":"Current task name:ingest_taxi_data","logger":"task.stdout"}
{"timestamp":"2026-03-14T07:14:21.722552Z","level":"info","event":"Dag name:nyc_taxi_etl_pipeline","logger":"task.stdout"}
{"timestamp":"2026-03-14T07:14:21.724919Z","level":"info","event":"Attempt 1: Streaming download from https://data.cityofnewyork.us/api/views/t29m-gskq/rows.csv","logger":"root","filename":"taxi_pipeline.py","lineno":21}
{"timestamp":"2026-03-14T07:14:23.878563Z","level":"info","event":"Reached 10000 rows limit. Stopping stream early to save time.","logger":"root","filename":"taxi_pipeline.py","lineno":36}
{"timestamp":"2026-03-14T07:14:23.879692Z","level":"info","event":"Download finished successfully.","logger":"root","filename":"taxi_pipeline.py","lineno":40}
{"timestamp":"2026-03-14T07:14:23.879802Z","level":"info","event":"Validating row count with pandas...","logger":"root","filename":"taxi_pipeline.py","lineno":49}
{"timestamp":"2026-03-14T07:14:23.905312Z","level":"info","event":"Validation passed. Successfully downloaded 5,564 rows.","logger":"root","filename":"taxi_pipeline.py","lineno":56}
{"timestamp":"2026-03-14T07:14:23.924106Z","level":"info","event":"Done. Returned value was: /tmp/nyc_taxi_raw.csv","logger":"airflow.task.operators.airflow.providers.standard.operators.python.PythonOperator","filename":"python.py","lineno":230}
{"timestamp":"2026-03-14T07:14:23.924512Z","level":"info","event":"Pushing xcom","ti":"RuntimeTaskInstance(id=UUID('019ceb32-304e-7f98-a727-eaeb4cb9579c'), task_id='ingest_taxi_data', dag_id='nyc_taxi_etl_pipeline', run_id='scheduled__2026-03-14T00:00:00+00:00', try_number=1, dag_version_id=UUID('019ceb30-b9c1-79b6-ac54-17f4acee796c'), map_index=-1, hostname='cf4d78620643', context_carrier={}, task=<Task(PythonOperator): ingest_taxi_data>, bundle_instance=LocalDagBundle(name=dags-folder), max_tries=1, start_date=datetime.datetime(2026, 3, 14, 7, 14, 21, 164662, tzinfo=datetime.timezone.utc), end_date=None, state=<TaskInstanceState.RUNNING: 'running'>, is_mapped=False, rendered_map_index=None)","logger":"task","filename":"task_runner.py","lineno":1522}
{"timestamp":"2026-03-14T07:14:23.952677Z","level":"info","event":"Task instance in success state","logger":"task.stdout"}
{"timestamp":"2026-03-14T07:14:23.953094Z","level":"info","event":" Previous state of the Task instance: TaskInstanceState.RUNNING","logger":"task.stdout"}
{"timestamp":"2026-03-14T07:14:23.953439Z","level":"info","event":"Task operator:<Task(PythonOperator): ingest_taxi_data>","logger":"task.stdout"}
{"timestamp":"2026-03-14T07:27:36.864005Z","level":"info","event":"DAG bundles loaded: dags-folder, example_dags","logger":"airflow.dag_processing.bundles.manager.DagBundlesManager","filename":"manager.py","lineno":179}
{"timestamp":"2026-03-14T07:27:36.866174Z","level":"info","event":"Filling up the DagBag from /opt/airflow/dags/taxi_pipeline.py","logger":"airflow.models.dagbag.BundleDagBag","filename":"dagbag.py","lineno":593}
{"timestamp":"2026-03-14T07:27:36.896516Z","level":"warning","event":"The `airflow.operators.python.PythonOperator` attribute is deprecated. Please use `'airflow.providers.standard.operators.python.PythonOperator'`.","category":"DeprecatedImportWarning","filename":"/opt/airflow/dags/taxi_pipeline.py","lineno":4,"logger":"py.warnings"}
{"timestamp":"2026-03-14T07:27:36.917434Z","level":"info","event":"Task instance is in running state","logger":"task.stdout"}
{"timestamp":"2026-03-14T07:27:36.917765Z","level":"info","event":" Previous state of the Task instance: TaskInstanceState.QUEUED","logger":"task.stdout"}
{"timestamp":"2026-03-14T07:27:36.918104Z","level":"info","event":"Current task name:ingest_taxi_data","logger":"task.stdout"}
{"timestamp":"2026-03-14T07:27:36.919763Z","level":"info","event":"Dag name:nyc_taxi_etl_pipeline","logger":"task.stdout"}
{"timestamp":"2026-03-14T07:27:36.919811Z","level":"info","event":"Attempt 1: Streaming download from https://data.cityofnewyork.us/api/views/t29m-gskq/rows.csv","logger":"root","filename":"taxi_pipeline.py","lineno":21}
{"timestamp":"2026-03-14T07:27:41.367661Z","level":"info","event":"Reached 10000 rows limit. Stopping stream early to save time.","logger":"root","filename":"taxi_pipeline.py","lineno":36}
{"timestamp":"2026-03-14T07:27:41.370157Z","level":"info","event":"Download finished successfully.","logger":"root","filename":"taxi_pipeline.py","lineno":40}
{"timestamp":"2026-03-14T07:27:41.370327Z","level":"info","event":"Validating row count with pandas...","logger":"root","filename":"taxi_pipeline.py","lineno":49}
{"timestamp":"2026-03-14T07:27:41.408315Z","level":"info","event":"Validation passed. Successfully downloaded 10,001 rows.","logger":"root","filename":"taxi_pipeline.py","lineno":56}
{"timestamp":"2026-03-14T07:27:41.427194Z","level":"info","event":"Done. Returned value was: /opt/airflow/dags/nyc_taxi_raw.csv","logger":"airflow.task.operators.airflow.providers.standard.operators.python.PythonOperator","filename":"python.py","lineno":230}
{"timestamp":"2026-03-14T07:27:41.427545Z","level":"info","event":"Pushing xcom","ti":"RuntimeTaskInstance(id=UUID('019ceb3e-538b-7c5b-af9e-17d8aa1acfda'), task_id='ingest_taxi_data', dag_id='nyc_taxi_etl_pipeline', run_id='scheduled__2026-03-14T00:00:00+00:00', try_number=1, dag_version_id=UUID('019ceb3a-15eb-7159-a371-6dce6cb763ef'), map_index=-1, hostname='cf4d78620643', context_carrier={}, task=<Task(PythonOperator): ingest_taxi_data>, bundle_instance=LocalDagBundle(name=dags-folder), max_tries=1, start_date=datetime.datetime(2026, 3, 14, 7, 27, 36, 528035, tzinfo=datetime.timezone.utc), end_date=None, state=<TaskInstanceState.RUNNING: 'running'>, is_mapped=False, rendered_map_index=None)","logger":"task","filename":"task_runner.py","lineno":1522}
{"timestamp":"2026-03-14T07:27:41.460119Z","level":"info","event":"Task instance in success state","logger":"task.stdout"}
{"timestamp":"2026-03-14T07:27:41.461286Z","level":"info","event":" Previous state of the Task instance: TaskInstanceState.RUNNING","logger":"task.stdout"}
{"timestamp":"2026-03-14T07:27:41.462199Z","level":"info","event":"Task operator:<Task(PythonOperator): ingest_taxi_data>","logger":"task.stdout"}
{"timestamp":"2026-03-14T07:44:01.174377Z","level":"info","event":"DAG bundles loaded: dags-folder, example_dags","logger":"airflow.dag_processing.bundles.manager.DagBundlesManager","filename":"manager.py","lineno":179}
{"timestamp":"2026-03-14T07:44:01.176333Z","level":"info","event":"Filling up the DagBag from /opt/airflow/dags/taxi_pipeline.py","logger":"airflow.models.dagbag.BundleDagBag","filename":"dagbag.py","lineno":593}
{"timestamp":"2026-03-14T07:44:01.197259Z","level":"warning","event":"The `airflow.operators.python.PythonOperator` attribute is deprecated. Please use `'airflow.providers.standard.operators.python.PythonOperator'`.","category":"DeprecatedImportWarning","filename":"/opt/airflow/dags/taxi_pipeline.py","lineno":2,"logger":"py.warnings"}
{"timestamp":"2026-03-14T07:44:01.230177Z","level":"info","event":"Task instance is in running state","logger":"task.stdout"}
{"timestamp":"2026-03-14T07:44:01.230793Z","level":"info","event":" Previous state of the Task instance: TaskInstanceState.QUEUED","logger":"task.stdout"}
{"timestamp":"2026-03-14T07:44:01.231332Z","level":"info","event":"Current task name:ingest_taxi_data","logger":"task.stdout"}
{"timestamp":"2026-03-14T07:44:01.231711Z","level":"info","event":"Dag name:nyc_taxi_etl_pipeline","logger":"task.stdout"}
{"timestamp":"2026-03-14T07:44:01.234577Z","level":"info","event":"Attempt 1: Streaming download from https://data.cityofnewyork.us/api/views/t29m-gskq/rows.csv","logger":"root","filename":"taxi_pipeline.py","lineno":20}
{"timestamp":"2026-03-14T07:44:05.640137Z","level":"info","event":"Reached 10000 rows limit. Stopping stream early.","logger":"root","filename":"taxi_pipeline.py","lineno":32}
{"timestamp":"2026-03-14T07:44:05.641819Z","level":"info","event":"Download finished successfully.","logger":"root","filename":"taxi_pipeline.py","lineno":36}
{"timestamp":"2026-03-14T07:44:05.641932Z","level":"info","event":"Validating row count with pandas...","logger":"root","filename":"taxi_pipeline.py","lineno":45}
{"timestamp":"2026-03-14T07:44:05.694247Z","level":"info","event":"Validation passed. Successfully downloaded 10,224 rows.","logger":"root","filename":"taxi_pipeline.py","lineno":52}
{"timestamp":"2026-03-14T07:44:05.706922Z","level":"info","event":"Done. Returned value was: /opt/airflow/dags/nyc_taxi_raw.csv","logger":"airflow.task.operators.airflow.providers.standard.operators.python.PythonOperator","filename":"python.py","lineno":230}
{"timestamp":"2026-03-14T07:44:05.707164Z","level":"info","event":"Pushing xcom","ti":"RuntimeTaskInstance(id=UUID('019ceb4d-5775-7f38-a595-15e2e576c997'), task_id='ingest_taxi_data', dag_id='nyc_taxi_etl_pipeline', run_id='scheduled__2026-03-14T00:00:00+00:00', try_number=1, dag_version_id=UUID('019ceb4b-7178-71b0-9ff1-42b5cba3c0ba'), map_index=-1, hostname='cf4d78620643', context_carrier={}, task=<Task(PythonOperator): ingest_taxi_data>, bundle_instance=LocalDagBundle(name=dags-folder), max_tries=1, start_date=datetime.datetime(2026, 3, 14, 7, 44, 0, 657534, tzinfo=datetime.timezone.utc), end_date=None, state=<TaskInstanceState.RUNNING: 'running'>, is_mapped=False, rendered_map_index=None)","logger":"task","filename":"task_runner.py","lineno":1522}
{"timestamp":"2026-03-14T07:44:05.730276Z","level":"info","event":"Task instance in success state","logger":"task.stdout"}
{"timestamp":"2026-03-14T07:44:05.730742Z","level":"info","event":" Previous state of the Task instance: TaskInstanceState.RUNNING","logger":"task.stdout"}
{"timestamp":"2026-03-14T07:44:05.731088Z","level":"info","event":"Task operator:<Task(PythonOperator): ingest_taxi_data>","logger":"task.stdout"}
{"timestamp":"2026-03-14T07:47:22.693703Z","level":"info","event":"DAG bundles loaded: dags-folder, example_dags","logger":"airflow.dag_processing.bundles.manager.DagBundlesManager","filename":"manager.py","lineno":179}
{"timestamp":"2026-03-14T07:47:22.695410Z","level":"info","event":"Filling up the DagBag from /opt/airflow/dags/taxi_pipeline.py","logger":"airflow.models.dagbag.BundleDagBag","filename":"dagbag.py","lineno":593}
{"timestamp":"2026-03-14T07:47:22.705118Z","level":"warning","event":"The `airflow.operators.python.PythonOperator` attribute is deprecated. Please use `'airflow.providers.standard.operators.python.PythonOperator'`.","category":"DeprecatedImportWarning","filename":"/opt/airflow/dags/taxi_pipeline.py","lineno":2,"logger":"py.warnings"}
{"timestamp":"2026-03-14T07:47:22.725959Z","level":"info","event":"Task instance is in running state","logger":"task.stdout"}
{"timestamp":"2026-03-14T07:47:22.726450Z","level":"info","event":" Previous state of the Task instance: TaskInstanceState.QUEUED","logger":"task.stdout"}
{"timestamp":"2026-03-14T07:47:22.726780Z","level":"info","event":"Current task name:ingest_taxi_data","logger":"task.stdout"}
{"timestamp":"2026-03-14T07:47:22.727000Z","level":"info","event":"Dag name:nyc_taxi_etl_pipeline","logger":"task.stdout"}
{"timestamp":"2026-03-14T07:47:22.728413Z","level":"info","event":"Attempt 1: Streaming download from https://data.cityofnewyork.us/api/views/t29m-gskq/rows.csv","logger":"root","filename":"taxi_pipeline.py","lineno":20}
{"timestamp":"2026-03-14T07:47:27.402521Z","level":"info","event":"Reached 10000 rows limit. Stopping stream early.","logger":"root","filename":"taxi_pipeline.py","lineno":32}
{"timestamp":"2026-03-14T07:47:27.404747Z","level":"info","event":"Download finished successfully.","logger":"root","filename":"taxi_pipeline.py","lineno":36}
{"timestamp":"2026-03-14T07:47:27.404892Z","level":"info","event":"Validating row count with pandas...","logger":"root","filename":"taxi_pipeline.py","lineno":45}
{"timestamp":"2026-03-14T07:47:27.438085Z","level":"info","event":"Validation passed. Successfully downloaded 10,005 rows.","logger":"root","filename":"taxi_pipeline.py","lineno":52}
{"timestamp":"2026-03-14T07:47:27.448937Z","level":"info","event":"Done. Returned value was: /opt/airflow/dags/nyc_taxi_raw.csv","logger":"airflow.task.operators.airflow.providers.standard.operators.python.PythonOperator","filename":"python.py","lineno":230}
{"timestamp":"2026-03-14T07:47:27.449153Z","level":"info","event":"Pushing xcom","ti":"RuntimeTaskInstance(id=UUID('019ceb50-6c15-74a5-8026-928612de6d21'), task_id='ingest_taxi_data', dag_id='nyc_taxi_etl_pipeline', run_id='scheduled__2026-03-14T00:00:00+00:00', try_number=1, dag_version_id=UUID('019ceb4f-5e84-70e3-bdce-d6ffc02a2a3e'), map_index=-1, hostname='cf4d78620643', context_carrier={}, task=<Task(PythonOperator): ingest_taxi_data>, bundle_instance=LocalDagBundle(name=dags-folder), max_tries=1, start_date=datetime.datetime(2026, 3, 14, 7, 47, 22, 399432, tzinfo=datetime.timezone.utc), end_date=None, state=<TaskInstanceState.RUNNING: 'running'>, is_mapped=False, rendered_map_index=None)","logger":"task","filename":"task_runner.py","lineno":1522}
{"timestamp":"2026-03-14T07:47:27.473182Z","level":"info","event":"Task instance in success state","logger":"task.stdout"}
{"timestamp":"2026-03-14T07:47:27.473526Z","level":"info","event":" Previous state of the Task instance: TaskInstanceState.RUNNING","logger":"task.stdout"}
{"timestamp":"2026-03-14T07:47:27.473821Z","level":"info","event":"Task operator:<Task(PythonOperator): ingest_taxi_data>","logger":"task.stdout"}
{"timestamp":"2026-03-14T08:01:42.479045Z","level":"info","event":"DAG bundles loaded: dags-folder, example_dags","logger":"airflow.dag_processing.bundles.manager.DagBundlesManager","filename":"manager.py","lineno":179}
{"timestamp":"2026-03-14T08:01:42.480476Z","level":"info","event":"Filling up the DagBag from /opt/airflow/dags/taxi_pipeline.py","logger":"airflow.models.dagbag.BundleDagBag","filename":"dagbag.py","lineno":593}
{"timestamp":"2026-03-14T08:01:42.505992Z","level":"warning","event":"The `airflow.operators.python.PythonOperator` attribute is deprecated. Please use `'airflow.providers.standard.operators.python.PythonOperator'`.","category":"DeprecatedImportWarning","filename":"/opt/airflow/dags/taxi_pipeline.py","lineno":2,"logger":"py.warnings"}
{"timestamp":"2026-03-14T08:01:42.525958Z","level":"info","event":"Task instance is in running state","logger":"task.stdout"}
{"timestamp":"2026-03-14T08:01:42.526401Z","level":"info","event":" Previous state of the Task instance: TaskInstanceState.QUEUED","logger":"task.stdout"}
{"timestamp":"2026-03-14T08:01:42.526868Z","level":"info","event":"Current task name:ingest_taxi_data","logger":"task.stdout"}
{"timestamp":"2026-03-14T08:01:42.527274Z","level":"info","event":"Dag name:nyc_taxi_etl_pipeline","logger":"task.stdout"}
{"timestamp":"2026-03-14T08:01:42.527945Z","level":"info","event":"Attempt 1: Streaming download from https://data.cityofnewyork.us/api/views/t29m-gskq/rows.csv","logger":"root","filename":"taxi_pipeline.py","lineno":20}
{"timestamp":"2026-03-14T08:01:46.903940Z","level":"info","event":"Reached 10000 rows limit. Stopping stream early.","logger":"root","filename":"taxi_pipeline.py","lineno":32}
{"timestamp":"2026-03-14T08:01:46.908303Z","level":"info","event":"Download finished successfully.","logger":"root","filename":"taxi_pipeline.py","lineno":36}
{"timestamp":"2026-03-14T08:01:46.908511Z","level":"info","event":"Validating row count with pandas...","logger":"root","filename":"taxi_pipeline.py","lineno":45}
{"timestamp":"2026-03-14T08:01:46.933745Z","level":"info","event":"Validation passed. Successfully downloaded 10,128 rows.","logger":"root","filename":"taxi_pipeline.py","lineno":52}
{"timestamp":"2026-03-14T08:01:46.946574Z","level":"info","event":"Done. Returned value was: /opt/airflow/dags/nyc_taxi_raw.csv","logger":"airflow.task.operators.airflow.providers.standard.operators.python.PythonOperator","filename":"python.py","lineno":230}
{"timestamp":"2026-03-14T08:01:46.946798Z","level":"info","event":"Pushing xcom","ti":"RuntimeTaskInstance(id=UUID('019ceb5d-8aa0-7e6b-83cb-bc313e0a4691'), task_id='ingest_taxi_data', dag_id='nyc_taxi_etl_pipeline', run_id='scheduled__2026-03-14T00:00:00+00:00', try_number=1, dag_version_id=UUID('019ceb5c-670c-7cd6-ad11-38f22fe569af'), map_index=-1, hostname='cf4d78620643', context_carrier={}, task=<Task(PythonOperator): ingest_taxi_data>, bundle_instance=LocalDagBundle(name=dags-folder), max_tries=1, start_date=datetime.datetime(2026, 3, 14, 8, 1, 42, 170113, tzinfo=datetime.timezone.utc), end_date=None, state=<TaskInstanceState.RUNNING: 'running'>, is_mapped=False, rendered_map_index=None)","logger":"task","filename":"task_runner.py","lineno":1522}
{"timestamp":"2026-03-14T08:01:46.971528Z","level":"info","event":"Task instance in success state","logger":"task.stdout"}
{"timestamp":"2026-03-14T08:01:46.972064Z","level":"info","event":" Previous state of the Task instance: TaskInstanceState.RUNNING","logger":"task.stdout"}
{"timestamp":"2026-03-14T08:01:46.972539Z","level":"info","event":"Task operator:<Task(PythonOperator): ingest_taxi_data>","logger":"task.stdout"}
{"timestamp":"2026-03-14T08:04:14.854922Z","level":"info","event":"DAG bundles loaded: dags-folder, example_dags","logger":"airflow.dag_processing.bundles.manager.DagBundlesManager","filename":"manager.py","lineno":179}
{"timestamp":"2026-03-14T08:04:14.856706Z","level":"info","event":"Filling up the DagBag from /opt/airflow/dags/taxi_pipeline.py","logger":"airflow.models.dagbag.BundleDagBag","filename":"dagbag.py","lineno":593}
{"timestamp":"2026-03-14T08:04:14.868557Z","level":"warning","event":"The `airflow.operators.python.PythonOperator` attribute is deprecated. Please use `'airflow.providers.standard.operators.python.PythonOperator'`.","category":"DeprecatedImportWarning","filename":"/opt/airflow/dags/taxi_pipeline.py","lineno":2,"logger":"py.warnings"}
{"timestamp":"2026-03-14T08:04:14.888845Z","level":"info","event":"Task instance is in running state","logger":"task.stdout"}
{"timestamp":"2026-03-14T08:04:14.889391Z","level":"info","event":" Previous state of the Task instance: TaskInstanceState.QUEUED","logger":"task.stdout"}
{"timestamp":"2026-03-14T08:04:14.889765Z","level":"info","event":"Current task name:ingest_taxi_data","logger":"task.stdout"}
{"timestamp":"2026-03-14T08:04:14.890094Z","level":"info","event":"Dag name:nyc_taxi_etl_pipeline","logger":"task.stdout"}
{"timestamp":"2026-03-14T08:04:14.890864Z","level":"info","event":"Attempt 1: Streaming download from https://data.cityofnewyork.us/api/views/t29m-gskq/rows.csv","logger":"root","filename":"taxi_pipeline.py","lineno":20}
{"timestamp":"2026-03-14T08:04:19.375382Z","level":"info","event":"Reached 10000 rows limit. Stopping stream early.","logger":"root","filename":"taxi_pipeline.py","lineno":32}
{"timestamp":"2026-03-14T08:04:19.377834Z","level":"info","event":"Download finished successfully.","logger":"root","filename":"taxi_pipeline.py","lineno":36}
{"timestamp":"2026-03-14T08:04:19.378021Z","level":"info","event":"Validating row count with pandas...","logger":"root","filename":"taxi_pipeline.py","lineno":45}
{"timestamp":"2026-03-14T08:04:19.421219Z","level":"info","event":"Validation passed. Successfully downloaded 9,994 rows.","logger":"root","filename":"taxi_pipeline.py","lineno":52}
{"timestamp":"2026-03-14T08:04:19.433589Z","level":"info","event":"Done. Returned value was: /opt/airflow/dags/nyc_taxi_raw.csv","logger":"airflow.task.operators.airflow.providers.standard.operators.python.PythonOperator","filename":"python.py","lineno":230}
{"timestamp":"2026-03-14T08:04:19.433884Z","level":"info","event":"Pushing xcom","ti":"RuntimeTaskInstance(id=UUID('019ceb5f-dd9d-7562-9976-fb278511f454'), task_id='ingest_taxi_data', dag_id='nyc_taxi_etl_pipeline', run_id='scheduled__2026-03-14T00:00:00+00:00', try_number=1, dag_version_id=UUID('019ceb5f-14be-7391-9790-b8bdd7c439f6'), map_index=-1, hostname='cf4d78620643', context_carrier={}, task=<Task(PythonOperator): ingest_taxi_data>, bundle_instance=LocalDagBundle(name=dags-folder), max_tries=1, start_date=datetime.datetime(2026, 3, 14, 8, 4, 14, 477772, tzinfo=datetime.timezone.utc), end_date=None, state=<TaskInstanceState.RUNNING: 'running'>, is_mapped=False, rendered_map_index=None)","logger":"task","filename":"task_runner.py","lineno":1522}
{"timestamp":"2026-03-14T08:04:19.459404Z","level":"info","event":"Task instance in success state","logger":"task.stdout"}
{"timestamp":"2026-03-14T08:04:19.464536Z","level":"info","event":" Previous state of the Task instance: TaskInstanceState.RUNNING","logger":"task.stdout"}
{"timestamp":"2026-03-14T08:04:19.465139Z","level":"info","event":"Task operator:<Task(PythonOperator): ingest_taxi_data>","logger":"task.stdout"}
{"timestamp":"2026-03-14T08:11:34.183214Z","level":"info","event":"DAG bundles loaded: dags-folder, example_dags","logger":"airflow.dag_processing.bundles.manager.DagBundlesManager","filename":"manager.py","lineno":179}
{"timestamp":"2026-03-14T08:11:34.185464Z","level":"info","event":"Filling up the DagBag from /opt/airflow/dags/taxi_pipeline.py","logger":"airflow.models.dagbag.BundleDagBag","filename":"dagbag.py","lineno":593}
{"timestamp":"2026-03-14T08:11:34.193499Z","level":"warning","event":"The `airflow.operators.python.PythonOperator` attribute is deprecated. Please use `'airflow.providers.standard.operators.python.PythonOperator'`.","category":"DeprecatedImportWarning","filename":"/opt/airflow/dags/taxi_pipeline.py","lineno":2,"logger":"py.warnings"}
{"timestamp":"2026-03-14T08:11:34.214492Z","level":"info","event":"Task instance is in running state","logger":"task.stdout"}
{"timestamp":"2026-03-14T08:11:34.214881Z","level":"info","event":" Previous state of the Task instance: TaskInstanceState.QUEUED","logger":"task.stdout"}
{"timestamp":"2026-03-14T08:11:34.215318Z","level":"info","event":"Current task name:ingest_taxi_data","logger":"task.stdout"}
{"timestamp":"2026-03-14T08:11:34.215644Z","level":"info","event":"Dag name:nyc_taxi_etl_pipeline","logger":"task.stdout"}
{"timestamp":"2026-03-14T08:11:34.216390Z","level":"info","event":"Attempt 1: Streaming download from https://data.cityofnewyork.us/api/views/t29m-gskq/rows.csv","logger":"root","filename":"taxi_pipeline.py","lineno":20}
{"timestamp":"2026-03-14T08:11:37.281941Z","level":"info","event":"Reached 10000 rows limit. Stopping stream early.","logger":"root","filename":"taxi_pipeline.py","lineno":32}
{"timestamp":"2026-03-14T08:11:37.283465Z","level":"info","event":"Download finished successfully.","logger":"root","filename":"taxi_pipeline.py","lineno":36}
{"timestamp":"2026-03-14T08:11:37.283598Z","level":"info","event":"Validating row count with pandas...","logger":"root","filename":"taxi_pipeline.py","lineno":45}
{"timestamp":"2026-03-14T08:11:37.311097Z","level":"info","event":"Validation passed. Successfully downloaded 7,616 rows.","logger":"root","filename":"taxi_pipeline.py","lineno":53}
{"timestamp":"2026-03-14T08:11:37.325433Z","level":"info","event":"Done. Returned value was: /opt/airflow/dags/nyc_taxi_raw.csv","logger":"airflow.task.operators.airflow.providers.standard.operators.python.PythonOperator","filename":"python.py","lineno":230}
{"timestamp":"2026-03-14T08:11:37.325680Z","level":"info","event":"Pushing xcom","ti":"RuntimeTaskInstance(id=UUID('019ceb66-91b8-7120-9a5c-c66c11050ad0'), task_id='ingest_taxi_data', dag_id='nyc_taxi_etl_pipeline', run_id='scheduled__2026-03-14T00:00:00+00:00', try_number=1, dag_version_id=UUID('019ceb66-10cf-7abd-b140-5989ef16b32c'), map_index=-1, hostname='cf4d78620643', context_carrier={}, task=<Task(PythonOperator): ingest_taxi_data>, bundle_instance=LocalDagBundle(name=dags-folder), max_tries=1, start_date=datetime.datetime(2026, 3, 14, 8, 11, 33, 789481, tzinfo=datetime.timezone.utc), end_date=None, state=<TaskInstanceState.RUNNING: 'running'>, is_mapped=False, rendered_map_index=None)","logger":"task","filename":"task_runner.py","lineno":1522}
{"timestamp":"2026-03-14T08:11:37.353177Z","level":"info","event":"Task instance in success state","logger":"task.stdout"}
{"timestamp":"2026-03-14T08:11:37.353705Z","level":"info","event":" Previous state of the Task instance: TaskInstanceState.RUNNING","logger":"task.stdout"}
{"timestamp":"2026-03-14T08:11:37.354232Z","level":"info","event":"Task operator:<Task(PythonOperator): ingest_taxi_data>","logger":"task.stdout"}
{"timestamp":"2026-03-14T08:21:15.280661Z","level":"info","event":"DAG bundles loaded: dags-folder, example_dags","logger":"airflow.dag_processing.bundles.manager.DagBundlesManager","filename":"manager.py","lineno":179}
{"timestamp":"2026-03-14T08:21:15.282029Z","level":"info","event":"Filling up the DagBag from /opt/airflow/dags/taxi_pipeline.py","logger":"airflow.models.dagbag.BundleDagBag","filename":"dagbag.py","lineno":593}
{"timestamp":"2026-03-14T08:21:15.295307Z","level":"warning","event":"The `airflow.operators.python.PythonOperator` attribute is deprecated. Please use `'airflow.providers.standard.operators.python.PythonOperator'`.","category":"DeprecatedImportWarning","filename":"/opt/airflow/dags/taxi_pipeline.py","lineno":2,"logger":"py.warnings"}
{"timestamp":"2026-03-14T08:21:15.314961Z","level":"info","event":"Task instance is in running state","logger":"task.stdout"}
{"timestamp":"2026-03-14T08:21:15.320740Z","level":"info","event":" Previous state of the Task instance: TaskInstanceState.QUEUED","logger":"task.stdout"}
{"timestamp":"2026-03-14T08:21:15.321207Z","level":"info","event":"Current task name:ingest_taxi_data","logger":"task.stdout"}
{"timestamp":"2026-03-14T08:21:15.323004Z","level":"info","event":"Dag name:nyc_taxi_etl_pipeline","logger":"task.stdout"}
{"timestamp":"2026-03-14T08:21:15.317064Z","level":"info","event":"Attempt 1: Streaming download from https://data.cityofnewyork.us/api/views/t29m-gskq/rows.csv","logger":"root","filename":"taxi_pipeline.py","lineno":23}
{"timestamp":"2026-03-14T08:21:18.112963Z","level":"info","event":"Reached 10000 rows limit. Stopping stream early.","logger":"root","filename":"taxi_pipeline.py","lineno":35}
{"timestamp":"2026-03-14T08:21:18.115610Z","level":"info","event":"Download finished successfully.","logger":"root","filename":"taxi_pipeline.py","lineno":39}
{"timestamp":"2026-03-14T08:21:18.115776Z","level":"info","event":"Validating row count with pandas...","logger":"root","filename":"taxi_pipeline.py","lineno":48}
{"timestamp":"2026-03-14T08:21:18.146193Z","level":"info","event":"Validation passed. Successfully downloaded 9,998 rows.","logger":"root","filename":"taxi_pipeline.py","lineno":56}
{"timestamp":"2026-03-14T08:21:18.159367Z","level":"info","event":"Done. Returned value was: /opt/airflow/dags/nyc_taxi_raw.csv","logger":"airflow.task.operators.airflow.providers.standard.operators.python.PythonOperator","filename":"python.py","lineno":230}
{"timestamp":"2026-03-14T08:21:18.159588Z","level":"info","event":"Pushing xcom","ti":"RuntimeTaskInstance(id=UUID('019ceb6f-6fd0-7cc4-a932-97e3602949d8'), task_id='ingest_taxi_data', dag_id='nyc_taxi_etl_pipeline', run_id='scheduled__2026-03-14T00:00:00+00:00', try_number=1, dag_version_id=UUID('019ceb6e-51a5-7250-981b-dc9af4eecd91'), map_index=-1, hostname='cf4d78620643', context_carrier={}, task=<Task(PythonOperator): ingest_taxi_data>, bundle_instance=LocalDagBundle(name=dags-folder), max_tries=1, start_date=datetime.datetime(2026, 3, 14, 8, 21, 14, 921392, tzinfo=datetime.timezone.utc), end_date=None, state=<TaskInstanceState.RUNNING: 'running'>, is_mapped=False, rendered_map_index=None)","logger":"task","filename":"task_runner.py","lineno":1522}
{"timestamp":"2026-03-14T08:21:18.183933Z","level":"info","event":"Task instance in success state","logger":"task.stdout"}
{"timestamp":"2026-03-14T08:21:18.184447Z","level":"info","event":" Previous state of the Task instance: TaskInstanceState.RUNNING","logger":"task.stdout"}
{"timestamp":"2026-03-14T08:21:18.184865Z","level":"info","event":"Task operator:<Task(PythonOperator): ingest_taxi_data>","logger":"task.stdout"}
{"timestamp":"2026-03-14T08:26:33.192378Z","level":"info","event":"DAG bundles loaded: dags-folder, example_dags","logger":"airflow.dag_processing.bundles.manager.DagBundlesManager","filename":"manager.py","lineno":179}
{"timestamp":"2026-03-14T08:26:33.194174Z","level":"info","event":"Filling up the DagBag from /opt/airflow/dags/taxi_pipeline.py","logger":"airflow.models.dagbag.BundleDagBag","filename":"dagbag.py","lineno":593}
{"timestamp":"2026-03-14T08:26:33.204603Z","level":"warning","event":"The `airflow.operators.python.PythonOperator` attribute is deprecated. Please use `'airflow.providers.standard.operators.python.PythonOperator'`.","category":"DeprecatedImportWarning","filename":"/opt/airflow/dags/taxi_pipeline.py","lineno":2,"logger":"py.warnings"}
{"timestamp":"2026-03-14T08:26:33.223195Z","level":"info","event":"Task instance is in running state","logger":"task.stdout"}
{"timestamp":"2026-03-14T08:26:33.223484Z","level":"info","event":" Previous state of the Task instance: TaskInstanceState.QUEUED","logger":"task.stdout"}
{"timestamp":"2026-03-14T08:26:33.223783Z","level":"info","event":"Current task name:ingest_taxi_data","logger":"task.stdout"}
{"timestamp":"2026-03-14T08:26:33.224016Z","level":"info","event":"Dag name:nyc_taxi_etl_pipeline","logger":"task.stdout"}
{"timestamp":"2026-03-14T08:26:33.225114Z","level":"info","event":"Attempt 1: Streaming download from https://data.cityofnewyork.us/api/views/t29m-gskq/rows.csv","logger":"root","filename":"taxi_pipeline.py","lineno":23}
{"timestamp":"2026-03-14T08:26:38.004133Z","level":"info","event":"Reached 10000 rows limit. Stopping stream early.","logger":"root","filename":"taxi_pipeline.py","lineno":35}
{"timestamp":"2026-03-14T08:26:38.005790Z","level":"info","event":"Download finished successfully.","logger":"root","filename":"taxi_pipeline.py","lineno":39}
{"timestamp":"2026-03-14T08:26:38.005903Z","level":"info","event":"Validating row count with pandas...","logger":"root","filename":"taxi_pipeline.py","lineno":48}
{"timestamp":"2026-03-14T08:26:38.026338Z","level":"info","event":"Validation passed. Successfully downloaded 10,000 rows.","logger":"root","filename":"taxi_pipeline.py","lineno":56}
{"timestamp":"2026-03-14T08:26:38.037611Z","level":"info","event":"Done. Returned value was: /opt/airflow/dags/nyc_taxi_raw.csv","logger":"airflow.task.operators.airflow.providers.standard.operators.python.PythonOperator","filename":"python.py","lineno":230}
{"timestamp":"2026-03-14T08:26:38.037818Z","level":"info","event":"Pushing xcom","ti":"RuntimeTaskInstance(id=UUID('019ceb74-49fc-76eb-8b1a-c9eb169564d2'), task_id='ingest_taxi_data', dag_id='nyc_taxi_etl_pipeline', run_id='scheduled__2026-03-14T00:00:00+00:00', try_number=1, dag_version_id=UUID('019ceb73-dd4f-76ab-81ac-be474428d437'), map_index=-1, hostname='cf4d78620643', context_carrier={}, task=<Task(PythonOperator): ingest_taxi_data>, bundle_instance=LocalDagBundle(name=dags-folder), max_tries=1, start_date=datetime.datetime(2026, 3, 14, 8, 26, 32, 918269, tzinfo=datetime.timezone.utc), end_date=None, state=<TaskInstanceState.RUNNING: 'running'>, is_mapped=False, rendered_map_index=None)","logger":"task","filename":"task_runner.py","lineno":1522}
{"timestamp":"2026-03-14T08:26:38.058011Z","level":"info","event":"Task instance in success state","logger":"task.stdout"}
{"timestamp":"2026-03-14T08:26:38.058278Z","level":"info","event":" Previous state of the Task instance: TaskInstanceState.RUNNING","logger":"task.stdout"}
{"timestamp":"2026-03-14T08:26:38.058587Z","level":"info","event":"Task operator:<Task(PythonOperator): ingest_taxi_data>","logger":"task.stdout"}
{"timestamp":"2026-03-14T08:31:49.962010Z","level":"info","event":"DAG bundles loaded: dags-folder, example_dags","logger":"airflow.dag_processing.bundles.manager.DagBundlesManager","filename":"manager.py","lineno":179}
{"timestamp":"2026-03-14T08:31:49.963691Z","level":"info","event":"Filling up the DagBag from /opt/airflow/dags/taxi_pipeline.py","logger":"airflow.models.dagbag.BundleDagBag","filename":"dagbag.py","lineno":593}
{"timestamp":"2026-03-14T08:31:49.977035Z","level":"warning","event":"The `airflow.operators.python.PythonOperator` attribute is deprecated. Please use `'airflow.providers.standard.operators.python.PythonOperator'`.","category":"DeprecatedImportWarning","filename":"/opt/airflow/dags/taxi_pipeline.py","lineno":2,"logger":"py.warnings"}
{"timestamp":"2026-03-14T08:31:49.999538Z","level":"info","event":"Task instance is in running state","logger":"task.stdout"}
{"timestamp":"2026-03-14T08:31:49.999878Z","level":"info","event":" Previous state of the Task instance: TaskInstanceState.QUEUED","logger":"task.stdout"}
{"timestamp":"2026-03-14T08:31:50.000307Z","level":"info","event":"Current task name:ingest_taxi_data","logger":"task.stdout"}
{"timestamp":"2026-03-14T08:31:50.000528Z","level":"info","event":"Dag name:nyc_taxi_etl_pipeline","logger":"task.stdout"}
{"timestamp":"2026-03-14T08:31:50.001878Z","level":"info","event":"Attempt 1: Streaming download from https://data.cityofnewyork.us/api/views/t29m-gskq/rows.csv","logger":"root","filename":"taxi_pipeline.py","lineno":23}
{"timestamp":"2026-03-14T08:31:53.127173Z","level":"info","event":"Reached 10000 rows limit. Stopping stream early.","logger":"root","filename":"taxi_pipeline.py","lineno":35}
{"timestamp":"2026-03-14T08:31:53.128439Z","level":"info","event":"Download finished successfully.","logger":"root","filename":"taxi_pipeline.py","lineno":39}
{"timestamp":"2026-03-14T08:31:53.128548Z","level":"info","event":"Validating row count with pandas...","logger":"root","filename":"taxi_pipeline.py","lineno":48}
{"timestamp":"2026-03-14T08:31:53.164629Z","level":"info","event":"Validation passed. Successfully downloaded 9,918 rows.","logger":"root","filename":"taxi_pipeline.py","lineno":56}
{"timestamp":"2026-03-14T08:31:53.177373Z","level":"info","event":"Done. Returned value was: /opt/airflow/dags/nyc_taxi_raw.csv","logger":"airflow.task.operators.airflow.providers.standard.operators.python.PythonOperator","filename":"python.py","lineno":230}
{"timestamp":"2026-03-14T08:31:53.177598Z","level":"info","event":"Pushing xcom","ti":"RuntimeTaskInstance(id=UUID('019ceb79-1f10-7375-bc70-cea845136204'), task_id='ingest_taxi_data', dag_id='nyc_taxi_etl_pipeline', run_id='scheduled__2026-03-14T00:00:00+00:00', try_number=1, dag_version_id=UUID('019ceb78-9b71-7d2e-a7a1-9bd11249f31c'), map_index=-1, hostname='cf4d78620643', context_carrier={}, task=<Task(PythonOperator): ingest_taxi_data>, bundle_instance=LocalDagBundle(name=dags-folder), max_tries=1, start_date=datetime.datetime(2026, 3, 14, 8, 31, 49, 645507, tzinfo=datetime.timezone.utc), end_date=None, state=<TaskInstanceState.RUNNING: 'running'>, is_mapped=False, rendered_map_index=None)","logger":"task","filename":"task_runner.py","lineno":1522}
{"timestamp":"2026-03-14T08:31:53.199205Z","level":"info","event":"Task instance in success state","logger":"task.stdout"}
{"timestamp":"2026-03-14T08:31:53.199632Z","level":"info","event":" Previous state of the Task instance: TaskInstanceState.RUNNING","logger":"task.stdout"}
{"timestamp":"2026-03-14T08:31:53.199922Z","level":"info","event":"Task operator:<Task(PythonOperator): ingest_taxi_data>","logger":"task.stdout"}
