{"timestamp":"2026-03-14T07:45:07.120669Z","level":"info","event":"DAG bundles loaded: dags-folder, example_dags","logger":"airflow.dag_processing.bundles.manager.DagBundlesManager","filename":"manager.py","lineno":179}
{"timestamp":"2026-03-14T07:45:07.121721Z","level":"info","event":"Filling up the DagBag from /opt/airflow/dags/taxi_pipeline.py","logger":"airflow.models.dagbag.BundleDagBag","filename":"dagbag.py","lineno":593}
{"timestamp":"2026-03-14T07:45:07.129056Z","level":"warning","event":"The `airflow.operators.python.PythonOperator` attribute is deprecated. Please use `'airflow.providers.standard.operators.python.PythonOperator'`.","category":"DeprecatedImportWarning","filename":"/opt/airflow/dags/taxi_pipeline.py","lineno":2,"logger":"py.warnings"}
{"timestamp":"2026-03-14T07:45:07.146913Z","level":"info","event":"Task instance is in running state","logger":"task.stdout"}
{"timestamp":"2026-03-14T07:45:07.147450Z","level":"info","event":" Previous state of the Task instance: TaskInstanceState.QUEUED","logger":"task.stdout"}
{"timestamp":"2026-03-14T07:45:07.147785Z","level":"info","event":"Current task name:clean_taxi_data","logger":"task.stdout"}
{"timestamp":"2026-03-14T07:45:07.148313Z","level":"info","event":"Dag name:nyc_taxi_etl_pipeline","logger":"task.stdout"}
{"timestamp":"2026-03-14T07:45:07.157352Z","level":"info","event":"Loading raw data from: /opt/airflow/dags/nyc_taxi_raw.csv","logger":"root","filename":"taxi_pipeline.py","lineno":66}
{"timestamp":"2026-03-14T07:45:07.183945Z","level":"info","event":"Initial row count: 10242","logger":"root","filename":"taxi_pipeline.py","lineno":69}
{"timestamp":"2026-03-14T07:45:07.186637Z","level":"info","event":"Step 1: Removed 0 rows with null values.","logger":"root","filename":"taxi_pipeline.py","lineno":73}
{"timestamp":"2026-03-14T07:45:07.215613Z","level":"info","event":"Step 2: Removed 1 rows due to invalid datetime parsing.","logger":"root","filename":"taxi_pipeline.py","lineno":79}
{"timestamp":"2026-03-14T07:45:07.216741Z","level":"info","event":"Step 3: Removed 5 rows due to invalid fare_amount.","logger":"root","filename":"taxi_pipeline.py","lineno":84}
{"timestamp":"2026-03-14T07:45:07.216978Z","level":"error","event":"Task failed with exception","logger":"task","filename":"task_runner.py","lineno":1142,"error_detail":[{"exc_type":"TypeError","exc_value":"'>' not supported between instances of 'str' and 'int'","exc_notes":[],"syntax_error":null,"is_cause":false,"frames":[{"filename":"/home/airflow/.local/lib/python3.12/site-packages/airflow/sdk/execution_time/task_runner.py","lineno":1068,"name":"run"},{"filename":"/home/airflow/.local/lib/python3.12/site-packages/airflow/sdk/execution_time/task_runner.py","lineno":1477,"name":"_execute_task"},{"filename":"/home/airflow/.local/lib/python3.12/site-packages/airflow/sdk/bases/operator.py","lineno":417,"name":"wrapper"},{"filename":"/home/airflow/.local/lib/python3.12/site-packages/airflow/providers/standard/operators/python.py","lineno":228,"name":"execute"},{"filename":"/home/airflow/.local/lib/python3.12/site-packages/airflow/providers/standard/operators/python.py","lineno":251,"name":"execute_callable"},{"filename":"/home/airflow/.local/lib/python3.12/site-packages/airflow/sdk/execution_time/callback_runner.py","lineno":82,"name":"run"},{"filename":"/opt/airflow/dags/taxi_pipeline.py","lineno":87,"name":"clean_taxi_data"},{"filename":"/home/airflow/.local/lib/python3.12/site-packages/pandas/core/ops/common.py","lineno":76,"name":"new_method"},{"filename":"/home/airflow/.local/lib/python3.12/site-packages/pandas/core/arraylike.py","lineno":56,"name":"__gt__"},{"filename":"/home/airflow/.local/lib/python3.12/site-packages/pandas/core/series.py","lineno":6138,"name":"_cmp_method"},{"filename":"/home/airflow/.local/lib/python3.12/site-packages/pandas/core/ops/array_ops.py","lineno":344,"name":"comparison_op"},{"filename":"/home/airflow/.local/lib/python3.12/site-packages/pandas/core/ops/array_ops.py","lineno":129,"name":"comp_method_OBJECT_ARRAY"},{"filename":"/opt/airflow/pandas/_libs/ops.pyx","lineno":107,"name":"pandas._libs.ops.scalar_compare"}],"is_group":false,"exceptions":[]}]}
{"timestamp":"2026-03-14T07:45:07.218055Z","level":"info","event":"Task instance in failure state","logger":"task.stdout"}
{"timestamp":"2026-03-14T07:45:07.218306Z","level":"info","event":"Task start","logger":"task.stdout"}
{"timestamp":"2026-03-14T07:45:07.218554Z","level":"info","event":"Task:<Task(PythonOperator): clean_taxi_data>","logger":"task.stdout"}
{"timestamp":"2026-03-14T07:45:07.218767Z","level":"info","event":"Failure caused by '>' not supported between instances of 'str' and 'int'","logger":"task.stdout"}
{"timestamp":"2026-03-14T08:05:21.234603Z","level":"info","event":"DAG bundles loaded: dags-folder, example_dags","logger":"airflow.dag_processing.bundles.manager.DagBundlesManager","filename":"manager.py","lineno":179}
{"timestamp":"2026-03-14T08:05:21.236034Z","level":"info","event":"Filling up the DagBag from /opt/airflow/dags/taxi_pipeline.py","logger":"airflow.models.dagbag.BundleDagBag","filename":"dagbag.py","lineno":593}
{"timestamp":"2026-03-14T08:05:21.245905Z","level":"warning","event":"The `airflow.operators.python.PythonOperator` attribute is deprecated. Please use `'airflow.providers.standard.operators.python.PythonOperator'`.","category":"DeprecatedImportWarning","filename":"/opt/airflow/dags/taxi_pipeline.py","lineno":2,"logger":"py.warnings"}
{"timestamp":"2026-03-14T08:05:21.262390Z","level":"info","event":"Task instance is in running state","logger":"task.stdout"}
{"timestamp":"2026-03-14T08:05:21.263006Z","level":"info","event":" Previous state of the Task instance: TaskInstanceState.QUEUED","logger":"task.stdout"}
{"timestamp":"2026-03-14T08:05:21.263563Z","level":"info","event":"Current task name:clean_taxi_data","logger":"task.stdout"}
{"timestamp":"2026-03-14T08:05:21.264032Z","level":"info","event":"Dag name:nyc_taxi_etl_pipeline","logger":"task.stdout"}
{"timestamp":"2026-03-14T08:05:21.273433Z","level":"info","event":"Loading raw data from: /opt/airflow/dags/nyc_taxi_raw.csv","logger":"root","filename":"taxi_pipeline.py","lineno":66}
{"timestamp":"2026-03-14T08:05:21.285956Z","level":"error","event":"Task failed with exception","logger":"task","filename":"task_runner.py","lineno":1142,"error_detail":[{"exc_type":"ParserError","exc_value":"Error tokenizing data. C error: Expected 17 fields in line 789, saw 23\n","exc_notes":[],"syntax_error":null,"is_cause":false,"frames":[{"filename":"/home/airflow/.local/lib/python3.12/site-packages/airflow/sdk/execution_time/task_runner.py","lineno":1068,"name":"run"},{"filename":"/home/airflow/.local/lib/python3.12/site-packages/airflow/sdk/execution_time/task_runner.py","lineno":1477,"name":"_execute_task"},{"filename":"/home/airflow/.local/lib/python3.12/site-packages/airflow/sdk/bases/operator.py","lineno":417,"name":"wrapper"},{"filename":"/home/airflow/.local/lib/python3.12/site-packages/airflow/providers/standard/operators/python.py","lineno":228,"name":"execute"},{"filename":"/home/airflow/.local/lib/python3.12/site-packages/airflow/providers/standard/operators/python.py","lineno":251,"name":"execute_callable"},{"filename":"/home/airflow/.local/lib/python3.12/site-packages/airflow/sdk/execution_time/callback_runner.py","lineno":82,"name":"run"},{"filename":"/opt/airflow/dags/taxi_pipeline.py","lineno":67,"name":"clean_taxi_data"},{"filename":"/home/airflow/.local/lib/python3.12/site-packages/pandas/io/parsers/readers.py","lineno":1026,"name":"read_csv"},{"filename":"/home/airflow/.local/lib/python3.12/site-packages/pandas/io/parsers/readers.py","lineno":626,"name":"_read"},{"filename":"/home/airflow/.local/lib/python3.12/site-packages/pandas/io/parsers/readers.py","lineno":1923,"name":"read"},{"filename":"/home/airflow/.local/lib/python3.12/site-packages/pandas/io/parsers/c_parser_wrapper.py","lineno":234,"name":"read"},{"filename":"/opt/airflow/pandas/_libs/parsers.pyx","lineno":838,"name":"pandas._libs.parsers.TextReader.read_low_memory"},{"filename":"/opt/airflow/pandas/_libs/parsers.pyx","lineno":905,"name":"pandas._libs.parsers.TextReader._read_rows"},{"filename":"/opt/airflow/pandas/_libs/parsers.pyx","lineno":874,"name":"pandas._libs.parsers.TextReader._tokenize_rows"},{"filename":"/opt/airflow/pandas/_libs/parsers.pyx","lineno":891,"name":"pandas._libs.parsers.TextReader._check_tokenize_status"},{"filename":"/opt/airflow/pandas/_libs/parsers.pyx","lineno":2061,"name":"pandas._libs.parsers.raise_parser_error"}],"is_group":false,"exceptions":[]}]}
{"timestamp":"2026-03-14T08:05:21.287403Z","level":"info","event":"Task instance in failure state","logger":"task.stdout"}
{"timestamp":"2026-03-14T08:05:21.287797Z","level":"info","event":"Task start","logger":"task.stdout"}
{"timestamp":"2026-03-14T08:05:21.288076Z","level":"info","event":"Task:<Task(PythonOperator): clean_taxi_data>","logger":"task.stdout"}
{"timestamp":"2026-03-14T08:05:21.288341Z","level":"info","event":"Failure caused by Error tokenizing data. C error: Expected 17 fields in line 789, saw 23","logger":"task.stdout"}
{"timestamp":"2026-03-14T08:05:21.288605Z","level":"info","event":"","logger":"task.stdout"}
