{"timestamp":"2026-03-14T07:44:06.324888Z","level":"info","event":"DAG bundles loaded: dags-folder, example_dags","logger":"airflow.dag_processing.bundles.manager.DagBundlesManager","filename":"manager.py","lineno":179}
{"timestamp":"2026-03-14T07:44:06.327095Z","level":"info","event":"Filling up the DagBag from /opt/airflow/dags/taxi_pipeline.py","logger":"airflow.models.dagbag.BundleDagBag","filename":"dagbag.py","lineno":593}
{"timestamp":"2026-03-14T07:44:06.336491Z","level":"warning","event":"The `airflow.operators.python.PythonOperator` attribute is deprecated. Please use `'airflow.providers.standard.operators.python.PythonOperator'`.","category":"DeprecatedImportWarning","filename":"/opt/airflow/dags/taxi_pipeline.py","lineno":2,"logger":"py.warnings"}
{"timestamp":"2026-03-14T07:44:06.359238Z","level":"info","event":"Task instance is in running state","logger":"task.stdout"}
{"timestamp":"2026-03-14T07:44:06.359672Z","level":"info","event":" Previous state of the Task instance: TaskInstanceState.QUEUED","logger":"task.stdout"}
{"timestamp":"2026-03-14T07:44:06.360011Z","level":"info","event":"Current task name:clean_taxi_data","logger":"task.stdout"}
{"timestamp":"2026-03-14T07:44:06.360225Z","level":"info","event":"Dag name:nyc_taxi_etl_pipeline","logger":"task.stdout"}
{"timestamp":"2026-03-14T07:44:06.394392Z","level":"info","event":"Loading raw data from: /opt/airflow/dags/nyc_taxi_raw.csv","logger":"root","filename":"taxi_pipeline.py","lineno":66}
{"timestamp":"2026-03-14T07:44:06.438306Z","level":"info","event":"Initial row count: 10242","logger":"root","filename":"taxi_pipeline.py","lineno":69}
{"timestamp":"2026-03-14T07:44:06.448800Z","level":"info","event":"Step 1: Removed 0 rows with null values.","logger":"root","filename":"taxi_pipeline.py","lineno":73}
{"timestamp":"2026-03-14T07:44:06.487455Z","level":"info","event":"Step 2: Removed 1 rows due to invalid datetime parsing.","logger":"root","filename":"taxi_pipeline.py","lineno":79}
{"timestamp":"2026-03-14T07:44:06.490695Z","level":"info","event":"Step 3: Removed 5 rows due to invalid fare_amount.","logger":"root","filename":"taxi_pipeline.py","lineno":84}
{"timestamp":"2026-03-14T07:44:06.491615Z","level":"error","event":"Task failed with exception","logger":"task","filename":"task_runner.py","lineno":1142,"error_detail":[{"exc_type":"TypeError","exc_value":"'>' not supported between instances of 'str' and 'int'","exc_notes":[],"syntax_error":null,"is_cause":false,"frames":[{"filename":"/home/airflow/.local/lib/python3.12/site-packages/airflow/sdk/execution_time/task_runner.py","lineno":1068,"name":"run"},{"filename":"/home/airflow/.local/lib/python3.12/site-packages/airflow/sdk/execution_time/task_runner.py","lineno":1477,"name":"_execute_task"},{"filename":"/home/airflow/.local/lib/python3.12/site-packages/airflow/sdk/bases/operator.py","lineno":417,"name":"wrapper"},{"filename":"/home/airflow/.local/lib/python3.12/site-packages/airflow/providers/standard/operators/python.py","lineno":228,"name":"execute"},{"filename":"/home/airflow/.local/lib/python3.12/site-packages/airflow/providers/standard/operators/python.py","lineno":251,"name":"execute_callable"},{"filename":"/home/airflow/.local/lib/python3.12/site-packages/airflow/sdk/execution_time/callback_runner.py","lineno":82,"name":"run"},{"filename":"/opt/airflow/dags/taxi_pipeline.py","lineno":87,"name":"clean_taxi_data"},{"filename":"/home/airflow/.local/lib/python3.12/site-packages/pandas/core/ops/common.py","lineno":76,"name":"new_method"},{"filename":"/home/airflow/.local/lib/python3.12/site-packages/pandas/core/arraylike.py","lineno":56,"name":"__gt__"},{"filename":"/home/airflow/.local/lib/python3.12/site-packages/pandas/core/series.py","lineno":6138,"name":"_cmp_method"},{"filename":"/home/airflow/.local/lib/python3.12/site-packages/pandas/core/ops/array_ops.py","lineno":344,"name":"comparison_op"},{"filename":"/home/airflow/.local/lib/python3.12/site-packages/pandas/core/ops/array_ops.py","lineno":129,"name":"comp_method_OBJECT_ARRAY"},{"filename":"/opt/airflow/pandas/_libs/ops.pyx","lineno":107,"name":"pandas._libs.ops.scalar_compare"}],"is_group":false,"exceptions":[]}]}
{"timestamp":"2026-03-14T07:44:06.517240Z","level":"info","event":"Task instance in failure state","logger":"task.stdout"}
{"timestamp":"2026-03-14T07:44:06.522306Z","level":"info","event":"Task start","logger":"task.stdout"}
{"timestamp":"2026-03-14T07:44:06.522662Z","level":"info","event":"Task:<Task(PythonOperator): clean_taxi_data>","logger":"task.stdout"}
{"timestamp":"2026-03-14T07:44:06.522909Z","level":"info","event":"Failure caused by '>' not supported between instances of 'str' and 'int'","logger":"task.stdout"}
{"timestamp":"2026-03-14T07:47:28.761685Z","level":"info","event":"DAG bundles loaded: dags-folder, example_dags","logger":"airflow.dag_processing.bundles.manager.DagBundlesManager","filename":"manager.py","lineno":179}
{"timestamp":"2026-03-14T07:47:28.764255Z","level":"info","event":"Filling up the DagBag from /opt/airflow/dags/taxi_pipeline.py","logger":"airflow.models.dagbag.BundleDagBag","filename":"dagbag.py","lineno":593}
{"timestamp":"2026-03-14T07:47:28.777834Z","level":"warning","event":"The `airflow.operators.python.PythonOperator` attribute is deprecated. Please use `'airflow.providers.standard.operators.python.PythonOperator'`.","category":"DeprecatedImportWarning","filename":"/opt/airflow/dags/taxi_pipeline.py","lineno":2,"logger":"py.warnings"}
{"timestamp":"2026-03-14T07:47:28.793811Z","level":"info","event":"Task instance is in running state","logger":"task.stdout"}
{"timestamp":"2026-03-14T07:47:28.795387Z","level":"info","event":" Previous state of the Task instance: TaskInstanceState.QUEUED","logger":"task.stdout"}
{"timestamp":"2026-03-14T07:47:28.795828Z","level":"info","event":"Current task name:clean_taxi_data","logger":"task.stdout"}
{"timestamp":"2026-03-14T07:47:28.796237Z","level":"info","event":"Dag name:nyc_taxi_etl_pipeline","logger":"task.stdout"}
{"timestamp":"2026-03-14T07:47:28.802522Z","level":"info","event":"Loading raw data from: /opt/airflow/dags/nyc_taxi_raw.csv","logger":"root","filename":"taxi_pipeline.py","lineno":66}
{"timestamp":"2026-03-14T07:47:28.829130Z","level":"info","event":"Initial row count: 10005","logger":"root","filename":"taxi_pipeline.py","lineno":69}
{"timestamp":"2026-03-14T07:47:28.829268Z","level":"info","event":"Forcing numeric conversion for critical columns...","logger":"root","filename":"taxi_pipeline.py","lineno":74}
{"timestamp":"2026-03-14T07:47:28.835596Z","level":"info","event":"Step 1: Removed 0 rows with null values.","logger":"root","filename":"taxi_pipeline.py","lineno":83}
{"timestamp":"2026-03-14T07:47:28.866539Z","level":"info","event":"Step 2: Removed 0 rows due to invalid datetime parsing.","logger":"root","filename":"taxi_pipeline.py","lineno":89}
{"timestamp":"2026-03-14T07:47:28.867802Z","level":"info","event":"Step 3: Removed 2 rows due to invalid fare_amount.","logger":"root","filename":"taxi_pipeline.py","lineno":94}
{"timestamp":"2026-03-14T07:47:28.868688Z","level":"info","event":"Step 4: Removed 54 rows due to invalid trip_distance.","logger":"root","filename":"taxi_pipeline.py","lineno":100}
{"timestamp":"2026-03-14T07:47:28.868804Z","level":"info","event":"Step 5: Removed 0 rows due to invalid coordinates.","logger":"root","filename":"taxi_pipeline.py","lineno":120}
{"timestamp":"2026-03-14T07:47:28.868866Z","level":"info","event":"Cleaning complete. Remaining rows: 9949","logger":"root","filename":"taxi_pipeline.py","lineno":122}
{"timestamp":"2026-03-14T07:47:28.965921Z","level":"info","event":"Saved cleaned data to: /opt/airflow/dags/nyc_taxi_clean.csv","logger":"root","filename":"taxi_pipeline.py","lineno":126}
{"timestamp":"2026-03-14T07:47:28.976461Z","level":"info","event":"Done. Returned value was: /opt/airflow/dags/nyc_taxi_clean.csv","logger":"airflow.task.operators.airflow.providers.standard.operators.python.PythonOperator","filename":"python.py","lineno":230}
{"timestamp":"2026-03-14T07:47:28.976727Z","level":"info","event":"Pushing xcom","ti":"RuntimeTaskInstance(id=UUID('019ceb50-6c16-767d-9a71-b018e43b135f'), task_id='clean_taxi_data', dag_id='nyc_taxi_etl_pipeline', run_id='scheduled__2026-03-14T00:00:00+00:00', try_number=1, dag_version_id=UUID('019ceb4f-5e84-70e3-bdce-d6ffc02a2a3e'), map_index=-1, hostname='cf4d78620643', context_carrier={}, task=<Task(PythonOperator): clean_taxi_data>, bundle_instance=LocalDagBundle(name=dags-folder), max_tries=1, start_date=datetime.datetime(2026, 3, 14, 7, 47, 28, 484869, tzinfo=datetime.timezone.utc), end_date=None, state=<TaskInstanceState.RUNNING: 'running'>, is_mapped=False, rendered_map_index=None)","logger":"task","filename":"task_runner.py","lineno":1522}
{"timestamp":"2026-03-14T07:47:28.997472Z","level":"info","event":"Task instance in success state","logger":"task.stdout"}
{"timestamp":"2026-03-14T07:47:28.997869Z","level":"info","event":" Previous state of the Task instance: TaskInstanceState.RUNNING","logger":"task.stdout"}
{"timestamp":"2026-03-14T07:47:28.998240Z","level":"info","event":"Task operator:<Task(PythonOperator): clean_taxi_data>","logger":"task.stdout"}
{"timestamp":"2026-03-14T08:01:47.354643Z","level":"info","event":"DAG bundles loaded: dags-folder, example_dags","logger":"airflow.dag_processing.bundles.manager.DagBundlesManager","filename":"manager.py","lineno":179}
{"timestamp":"2026-03-14T08:01:47.356549Z","level":"info","event":"Filling up the DagBag from /opt/airflow/dags/taxi_pipeline.py","logger":"airflow.models.dagbag.BundleDagBag","filename":"dagbag.py","lineno":593}
{"timestamp":"2026-03-14T08:01:47.365331Z","level":"warning","event":"The `airflow.operators.python.PythonOperator` attribute is deprecated. Please use `'airflow.providers.standard.operators.python.PythonOperator'`.","category":"DeprecatedImportWarning","filename":"/opt/airflow/dags/taxi_pipeline.py","lineno":2,"logger":"py.warnings"}
{"timestamp":"2026-03-14T08:01:47.380603Z","level":"info","event":"Task instance is in running state","logger":"task.stdout"}
{"timestamp":"2026-03-14T08:01:47.381086Z","level":"info","event":" Previous state of the Task instance: TaskInstanceState.QUEUED","logger":"task.stdout"}
{"timestamp":"2026-03-14T08:01:47.381366Z","level":"info","event":"Current task name:clean_taxi_data","logger":"task.stdout"}
{"timestamp":"2026-03-14T08:01:47.381510Z","level":"info","event":"Dag name:nyc_taxi_etl_pipeline","logger":"task.stdout"}
{"timestamp":"2026-03-14T08:01:47.390654Z","level":"info","event":"Loading raw data from: /opt/airflow/dags/nyc_taxi_raw.csv","logger":"root","filename":"taxi_pipeline.py","lineno":66}
{"timestamp":"2026-03-14T08:01:47.420371Z","level":"info","event":"Initial row count: 10138","logger":"root","filename":"taxi_pipeline.py","lineno":69}
{"timestamp":"2026-03-14T08:01:47.420550Z","level":"info","event":"Forcing numeric conversion for critical columns...","logger":"root","filename":"taxi_pipeline.py","lineno":74}
{"timestamp":"2026-03-14T08:01:47.426510Z","level":"info","event":"Step 1: Removed 1 rows with null values.","logger":"root","filename":"taxi_pipeline.py","lineno":83}
{"timestamp":"2026-03-14T08:01:47.456064Z","level":"info","event":"Step 2: Removed 0 rows due to invalid datetime parsing.","logger":"root","filename":"taxi_pipeline.py","lineno":89}
{"timestamp":"2026-03-14T08:01:47.458372Z","level":"info","event":"Step 3: Removed 16 rows due to invalid fare_amount.","logger":"root","filename":"taxi_pipeline.py","lineno":94}
{"timestamp":"2026-03-14T08:01:47.459252Z","level":"info","event":"Step 4: Removed 79 rows due to invalid trip_distance.","logger":"root","filename":"taxi_pipeline.py","lineno":100}
{"timestamp":"2026-03-14T08:01:47.459417Z","level":"info","event":"Step 5: Removed 0 rows due to invalid coordinates.","logger":"root","filename":"taxi_pipeline.py","lineno":120}
{"timestamp":"2026-03-14T08:01:47.459481Z","level":"info","event":"Cleaning complete. Remaining rows: 10042","logger":"root","filename":"taxi_pipeline.py","lineno":122}
{"timestamp":"2026-03-14T08:01:47.559550Z","level":"info","event":"Saved cleaned data to: /opt/airflow/dags/nyc_taxi_clean.csv","logger":"root","filename":"taxi_pipeline.py","lineno":126}
{"timestamp":"2026-03-14T08:01:47.571003Z","level":"info","event":"Done. Returned value was: /opt/airflow/dags/nyc_taxi_clean.csv","logger":"airflow.task.operators.airflow.providers.standard.operators.python.PythonOperator","filename":"python.py","lineno":230}
{"timestamp":"2026-03-14T08:01:47.571264Z","level":"info","event":"Pushing xcom","ti":"RuntimeTaskInstance(id=UUID('019ceb5d-8aa1-741b-9dcf-8c05c85d1e79'), task_id='clean_taxi_data', dag_id='nyc_taxi_etl_pipeline', run_id='scheduled__2026-03-14T00:00:00+00:00', try_number=1, dag_version_id=UUID('019ceb5c-670c-7cd6-ad11-38f22fe569af'), map_index=-1, hostname='cf4d78620643', context_carrier={}, task=<Task(PythonOperator): clean_taxi_data>, bundle_instance=LocalDagBundle(name=dags-folder), max_tries=1, start_date=datetime.datetime(2026, 3, 14, 8, 1, 47, 51048, tzinfo=datetime.timezone.utc), end_date=None, state=<TaskInstanceState.RUNNING: 'running'>, is_mapped=False, rendered_map_index=None)","logger":"task","filename":"task_runner.py","lineno":1522}
{"timestamp":"2026-03-14T08:01:47.591720Z","level":"info","event":"Task instance in success state","logger":"task.stdout"}
{"timestamp":"2026-03-14T08:01:47.592076Z","level":"info","event":" Previous state of the Task instance: TaskInstanceState.RUNNING","logger":"task.stdout"}
{"timestamp":"2026-03-14T08:01:47.592369Z","level":"info","event":"Task operator:<Task(PythonOperator): clean_taxi_data>","logger":"task.stdout"}
{"timestamp":"2026-03-14T08:04:20.237654Z","level":"info","event":"DAG bundles loaded: dags-folder, example_dags","logger":"airflow.dag_processing.bundles.manager.DagBundlesManager","filename":"manager.py","lineno":179}
{"timestamp":"2026-03-14T08:04:20.240585Z","level":"info","event":"Filling up the DagBag from /opt/airflow/dags/taxi_pipeline.py","logger":"airflow.models.dagbag.BundleDagBag","filename":"dagbag.py","lineno":593}
{"timestamp":"2026-03-14T08:04:20.259292Z","level":"warning","event":"The `airflow.operators.python.PythonOperator` attribute is deprecated. Please use `'airflow.providers.standard.operators.python.PythonOperator'`.","category":"DeprecatedImportWarning","filename":"/opt/airflow/dags/taxi_pipeline.py","lineno":2,"logger":"py.warnings"}
{"timestamp":"2026-03-14T08:04:20.283322Z","level":"info","event":"Task instance is in running state","logger":"task.stdout"}
{"timestamp":"2026-03-14T08:04:20.283645Z","level":"info","event":" Previous state of the Task instance: TaskInstanceState.QUEUED","logger":"task.stdout"}
{"timestamp":"2026-03-14T08:04:20.283962Z","level":"info","event":"Current task name:clean_taxi_data","logger":"task.stdout"}
{"timestamp":"2026-03-14T08:04:20.284185Z","level":"info","event":"Dag name:nyc_taxi_etl_pipeline","logger":"task.stdout"}
{"timestamp":"2026-03-14T08:04:20.293927Z","level":"info","event":"Loading raw data from: /opt/airflow/dags/nyc_taxi_raw.csv","logger":"root","filename":"taxi_pipeline.py","lineno":66}
{"timestamp":"2026-03-14T08:04:20.306057Z","level":"error","event":"Task failed with exception","logger":"task","filename":"task_runner.py","lineno":1142,"error_detail":[{"exc_type":"ParserError","exc_value":"Error tokenizing data. C error: Expected 17 fields in line 789, saw 23\n","exc_notes":[],"syntax_error":null,"is_cause":false,"frames":[{"filename":"/home/airflow/.local/lib/python3.12/site-packages/airflow/sdk/execution_time/task_runner.py","lineno":1068,"name":"run"},{"filename":"/home/airflow/.local/lib/python3.12/site-packages/airflow/sdk/execution_time/task_runner.py","lineno":1477,"name":"_execute_task"},{"filename":"/home/airflow/.local/lib/python3.12/site-packages/airflow/sdk/bases/operator.py","lineno":417,"name":"wrapper"},{"filename":"/home/airflow/.local/lib/python3.12/site-packages/airflow/providers/standard/operators/python.py","lineno":228,"name":"execute"},{"filename":"/home/airflow/.local/lib/python3.12/site-packages/airflow/providers/standard/operators/python.py","lineno":251,"name":"execute_callable"},{"filename":"/home/airflow/.local/lib/python3.12/site-packages/airflow/sdk/execution_time/callback_runner.py","lineno":82,"name":"run"},{"filename":"/opt/airflow/dags/taxi_pipeline.py","lineno":67,"name":"clean_taxi_data"},{"filename":"/home/airflow/.local/lib/python3.12/site-packages/pandas/io/parsers/readers.py","lineno":1026,"name":"read_csv"},{"filename":"/home/airflow/.local/lib/python3.12/site-packages/pandas/io/parsers/readers.py","lineno":626,"name":"_read"},{"filename":"/home/airflow/.local/lib/python3.12/site-packages/pandas/io/parsers/readers.py","lineno":1923,"name":"read"},{"filename":"/home/airflow/.local/lib/python3.12/site-packages/pandas/io/parsers/c_parser_wrapper.py","lineno":234,"name":"read"},{"filename":"/opt/airflow/pandas/_libs/parsers.pyx","lineno":838,"name":"pandas._libs.parsers.TextReader.read_low_memory"},{"filename":"/opt/airflow/pandas/_libs/parsers.pyx","lineno":905,"name":"pandas._libs.parsers.TextReader._read_rows"},{"filename":"/opt/airflow/pandas/_libs/parsers.pyx","lineno":874,"name":"pandas._libs.parsers.TextReader._tokenize_rows"},{"filename":"/opt/airflow/pandas/_libs/parsers.pyx","lineno":891,"name":"pandas._libs.parsers.TextReader._check_tokenize_status"},{"filename":"/opt/airflow/pandas/_libs/parsers.pyx","lineno":2061,"name":"pandas._libs.parsers.raise_parser_error"}],"is_group":false,"exceptions":[]}]}
{"timestamp":"2026-03-14T08:04:20.331609Z","level":"info","event":"Task instance in failure state","logger":"task.stdout"}
{"timestamp":"2026-03-14T08:04:20.332241Z","level":"info","event":"Task start","logger":"task.stdout"}
{"timestamp":"2026-03-14T08:04:20.332479Z","level":"info","event":"Task:<Task(PythonOperator): clean_taxi_data>","logger":"task.stdout"}
{"timestamp":"2026-03-14T08:04:20.332784Z","level":"info","event":"Failure caused by Error tokenizing data. C error: Expected 17 fields in line 789, saw 23","logger":"task.stdout"}
{"timestamp":"2026-03-14T08:04:20.333152Z","level":"info","event":"","logger":"task.stdout"}
{"timestamp":"2026-03-14T08:11:38.435538Z","level":"info","event":"DAG bundles loaded: dags-folder, example_dags","logger":"airflow.dag_processing.bundles.manager.DagBundlesManager","filename":"manager.py","lineno":179}
{"timestamp":"2026-03-14T08:11:38.437035Z","level":"info","event":"Filling up the DagBag from /opt/airflow/dags/taxi_pipeline.py","logger":"airflow.models.dagbag.BundleDagBag","filename":"dagbag.py","lineno":593}
{"timestamp":"2026-03-14T08:11:38.448492Z","level":"warning","event":"The `airflow.operators.python.PythonOperator` attribute is deprecated. Please use `'airflow.providers.standard.operators.python.PythonOperator'`.","category":"DeprecatedImportWarning","filename":"/opt/airflow/dags/taxi_pipeline.py","lineno":2,"logger":"py.warnings"}
{"timestamp":"2026-03-14T08:11:38.464274Z","level":"info","event":"Task instance is in running state","logger":"task.stdout"}
{"timestamp":"2026-03-14T08:11:38.464689Z","level":"info","event":" Previous state of the Task instance: TaskInstanceState.QUEUED","logger":"task.stdout"}
{"timestamp":"2026-03-14T08:11:38.464931Z","level":"info","event":"Current task name:clean_taxi_data","logger":"task.stdout"}
{"timestamp":"2026-03-14T08:11:38.465116Z","level":"info","event":"Dag name:nyc_taxi_etl_pipeline","logger":"task.stdout"}
{"timestamp":"2026-03-14T08:11:38.472018Z","level":"info","event":"Loading raw data from: /opt/airflow/dags/nyc_taxi_raw.csv","logger":"root","filename":"taxi_pipeline.py","lineno":67}
{"timestamp":"2026-03-14T08:11:38.503946Z","level":"info","event":"Initial row count: 10103","logger":"root","filename":"taxi_pipeline.py","lineno":75}
{"timestamp":"2026-03-14T08:11:38.504086Z","level":"info","event":"Forcing numeric conversion for critical columns...","logger":"root","filename":"taxi_pipeline.py","lineno":77}
{"timestamp":"2026-03-14T08:11:38.506690Z","level":"info","event":"Step 1: Removed 1 rows with null values.","logger":"root","filename":"taxi_pipeline.py","lineno":83}
{"timestamp":"2026-03-14T08:11:38.509873Z","level":"warning","event":"Could not infer format, so each element will be parsed individually, falling back to `dateutil`. To ensure parsing is consistent and as-expected, please specify a format.","category":"UserWarning","filename":"/opt/airflow/dags/taxi_pipeline.py","lineno":86,"logger":"py.warnings"}
{"timestamp":"2026-03-14T08:11:38.919173Z","level":"info","event":"Step 2: Removed 0 rows due to invalid datetime parsing.","logger":"root","filename":"taxi_pipeline.py","lineno":89}
{"timestamp":"2026-03-14T08:11:38.920187Z","level":"info","event":"Step 3: Removed 15 rows due to invalid fare_amount.","logger":"root","filename":"taxi_pipeline.py","lineno":94}
{"timestamp":"2026-03-14T08:11:38.921185Z","level":"info","event":"Step 4: Removed 105 rows due to invalid trip_distance.","logger":"root","filename":"taxi_pipeline.py","lineno":99}
{"timestamp":"2026-03-14T08:11:38.921319Z","level":"info","event":"Step 5: Removed 0 rows due to invalid coordinates.","logger":"root","filename":"taxi_pipeline.py","lineno":117}
{"timestamp":"2026-03-14T08:11:38.921378Z","level":"info","event":"Cleaning complete. Remaining rows: 9982","logger":"root","filename":"taxi_pipeline.py","lineno":119}
{"timestamp":"2026-03-14T08:11:39.049056Z","level":"info","event":"Saved cleaned data to: /opt/airflow/dags/nyc_taxi_clean.csv","logger":"root","filename":"taxi_pipeline.py","lineno":123}
{"timestamp":"2026-03-14T08:11:39.059864Z","level":"info","event":"Done. Returned value was: /opt/airflow/dags/nyc_taxi_clean.csv","logger":"airflow.task.operators.airflow.providers.standard.operators.python.PythonOperator","filename":"python.py","lineno":230}
{"timestamp":"2026-03-14T08:11:39.060107Z","level":"info","event":"Pushing xcom","ti":"RuntimeTaskInstance(id=UUID('019ceb66-91b9-7a66-89d4-c24cd11e0a13'), task_id='clean_taxi_data', dag_id='nyc_taxi_etl_pipeline', run_id='scheduled__2026-03-14T00:00:00+00:00', try_number=1, dag_version_id=UUID('019ceb66-10cf-7abd-b140-5989ef16b32c'), map_index=-1, hostname='cf4d78620643', context_carrier={}, task=<Task(PythonOperator): clean_taxi_data>, bundle_instance=LocalDagBundle(name=dags-folder), max_tries=1, start_date=datetime.datetime(2026, 3, 14, 8, 11, 38, 158498, tzinfo=datetime.timezone.utc), end_date=None, state=<TaskInstanceState.RUNNING: 'running'>, is_mapped=False, rendered_map_index=None)","logger":"task","filename":"task_runner.py","lineno":1522}
{"timestamp":"2026-03-14T08:11:39.083142Z","level":"info","event":"Task instance in success state","logger":"task.stdout"}
{"timestamp":"2026-03-14T08:11:39.083578Z","level":"info","event":" Previous state of the Task instance: TaskInstanceState.RUNNING","logger":"task.stdout"}
{"timestamp":"2026-03-14T08:11:39.083912Z","level":"info","event":"Task operator:<Task(PythonOperator): clean_taxi_data>","logger":"task.stdout"}
{"timestamp":"2026-03-14T08:21:18.877449Z","level":"info","event":"DAG bundles loaded: dags-folder, example_dags","logger":"airflow.dag_processing.bundles.manager.DagBundlesManager","filename":"manager.py","lineno":179}
{"timestamp":"2026-03-14T08:21:18.879728Z","level":"info","event":"Filling up the DagBag from /opt/airflow/dags/taxi_pipeline.py","logger":"airflow.models.dagbag.BundleDagBag","filename":"dagbag.py","lineno":593}
{"timestamp":"2026-03-14T08:21:18.902501Z","level":"warning","event":"The `airflow.operators.python.PythonOperator` attribute is deprecated. Please use `'airflow.providers.standard.operators.python.PythonOperator'`.","category":"DeprecatedImportWarning","filename":"/opt/airflow/dags/taxi_pipeline.py","lineno":2,"logger":"py.warnings"}
{"timestamp":"2026-03-14T08:21:18.918849Z","level":"info","event":"Task instance is in running state","logger":"task.stdout"}
{"timestamp":"2026-03-14T08:21:18.919377Z","level":"info","event":" Previous state of the Task instance: TaskInstanceState.QUEUED","logger":"task.stdout"}
{"timestamp":"2026-03-14T08:21:18.920077Z","level":"info","event":"Current task name:clean_taxi_data","logger":"task.stdout"}
{"timestamp":"2026-03-14T08:21:18.920808Z","level":"info","event":"Dag name:nyc_taxi_etl_pipeline","logger":"task.stdout"}
{"timestamp":"2026-03-14T08:21:18.928313Z","level":"info","event":"Loading raw data from: /opt/airflow/dags/nyc_taxi_raw.csv","logger":"root","filename":"taxi_pipeline.py","lineno":70}
{"timestamp":"2026-03-14T08:21:18.981548Z","level":"info","event":"Initial row count: 10000","logger":"root","filename":"taxi_pipeline.py","lineno":76}
{"timestamp":"2026-03-14T08:21:18.981694Z","level":"info","event":"Forcing numeric conversion for critical columns...","logger":"root","filename":"taxi_pipeline.py","lineno":78}
{"timestamp":"2026-03-14T08:21:18.986196Z","level":"info","event":"Step 1: Removed 0 rows with null values.","logger":"root","filename":"taxi_pipeline.py","lineno":84}
{"timestamp":"2026-03-14T08:21:18.988957Z","level":"warning","event":"Could not infer format, so each element will be parsed individually, falling back to `dateutil`. To ensure parsing is consistent and as-expected, please specify a format.","category":"UserWarning","filename":"/opt/airflow/dags/taxi_pipeline.py","lineno":87,"logger":"py.warnings"}
{"timestamp":"2026-03-14T08:21:19.430098Z","level":"info","event":"Step 2: Removed 0 rows due to invalid datetime parsing.","logger":"root","filename":"taxi_pipeline.py","lineno":90}
{"timestamp":"2026-03-14T08:21:19.431606Z","level":"info","event":"Step 3: Removed 4 rows due to invalid fare_amount.","logger":"root","filename":"taxi_pipeline.py","lineno":95}
{"timestamp":"2026-03-14T08:21:19.432527Z","level":"info","event":"Step 4: Removed 46 rows due to invalid trip_distance.","logger":"root","filename":"taxi_pipeline.py","lineno":100}
{"timestamp":"2026-03-14T08:21:19.432670Z","level":"info","event":"Step 5: Removed 0 rows due to invalid coordinates.","logger":"root","filename":"taxi_pipeline.py","lineno":118}
{"timestamp":"2026-03-14T08:21:19.432726Z","level":"info","event":"Cleaning complete. Remaining rows: 9950","logger":"root","filename":"taxi_pipeline.py","lineno":120}
{"timestamp":"2026-03-14T08:21:19.554982Z","level":"info","event":"Saved cleaned data to: /opt/airflow/dags/nyc_taxi_clean.csv","logger":"root","filename":"taxi_pipeline.py","lineno":124}
{"timestamp":"2026-03-14T08:21:19.570096Z","level":"info","event":"Done. Returned value was: /opt/airflow/dags/nyc_taxi_clean.csv","logger":"airflow.task.operators.airflow.providers.standard.operators.python.PythonOperator","filename":"python.py","lineno":230}
{"timestamp":"2026-03-14T08:21:19.570364Z","level":"info","event":"Pushing xcom","ti":"RuntimeTaskInstance(id=UUID('019ceb6f-6fd1-7b23-a735-e634ea9ae0d9'), task_id='clean_taxi_data', dag_id='nyc_taxi_etl_pipeline', run_id='scheduled__2026-03-14T00:00:00+00:00', try_number=1, dag_version_id=UUID('019ceb6e-51a5-7250-981b-dc9af4eecd91'), map_index=-1, hostname='cf4d78620643', context_carrier={}, task=<Task(PythonOperator): clean_taxi_data>, bundle_instance=LocalDagBundle(name=dags-folder), max_tries=1, start_date=datetime.datetime(2026, 3, 14, 8, 21, 18, 565097, tzinfo=datetime.timezone.utc), end_date=None, state=<TaskInstanceState.RUNNING: 'running'>, is_mapped=False, rendered_map_index=None)","logger":"task","filename":"task_runner.py","lineno":1522}
{"timestamp":"2026-03-14T08:21:19.601899Z","level":"info","event":"Task instance in success state","logger":"task.stdout"}
{"timestamp":"2026-03-14T08:21:19.603088Z","level":"info","event":" Previous state of the Task instance: TaskInstanceState.RUNNING","logger":"task.stdout"}
{"timestamp":"2026-03-14T08:21:19.604214Z","level":"info","event":"Task operator:<Task(PythonOperator): clean_taxi_data>","logger":"task.stdout"}
{"timestamp":"2026-03-14T08:26:38.600306Z","level":"info","event":"DAG bundles loaded: dags-folder, example_dags","logger":"airflow.dag_processing.bundles.manager.DagBundlesManager","filename":"manager.py","lineno":179}
{"timestamp":"2026-03-14T08:26:38.601547Z","level":"info","event":"Filling up the DagBag from /opt/airflow/dags/taxi_pipeline.py","logger":"airflow.models.dagbag.BundleDagBag","filename":"dagbag.py","lineno":593}
{"timestamp":"2026-03-14T08:26:38.610393Z","level":"warning","event":"The `airflow.operators.python.PythonOperator` attribute is deprecated. Please use `'airflow.providers.standard.operators.python.PythonOperator'`.","category":"DeprecatedImportWarning","filename":"/opt/airflow/dags/taxi_pipeline.py","lineno":2,"logger":"py.warnings"}
{"timestamp":"2026-03-14T08:26:38.628060Z","level":"info","event":"Task instance is in running state","logger":"task.stdout"}
{"timestamp":"2026-03-14T08:26:38.628503Z","level":"info","event":" Previous state of the Task instance: TaskInstanceState.QUEUED","logger":"task.stdout"}
{"timestamp":"2026-03-14T08:26:38.629015Z","level":"info","event":"Current task name:clean_taxi_data","logger":"task.stdout"}
{"timestamp":"2026-03-14T08:26:38.629254Z","level":"info","event":"Dag name:nyc_taxi_etl_pipeline","logger":"task.stdout"}
{"timestamp":"2026-03-14T08:26:38.640099Z","level":"info","event":"Loading raw data from: /opt/airflow/dags/nyc_taxi_raw.csv","logger":"root","filename":"taxi_pipeline.py","lineno":70}
{"timestamp":"2026-03-14T08:26:38.669189Z","level":"info","event":"Initial row count: 10000","logger":"root","filename":"taxi_pipeline.py","lineno":76}
{"timestamp":"2026-03-14T08:26:38.669324Z","level":"info","event":"Forcing numeric conversion for critical columns...","logger":"root","filename":"taxi_pipeline.py","lineno":78}
{"timestamp":"2026-03-14T08:26:38.672686Z","level":"info","event":"Step 1: Removed 0 rows with null values.","logger":"root","filename":"taxi_pipeline.py","lineno":84}
{"timestamp":"2026-03-14T08:26:38.702558Z","level":"info","event":"Step 2: Removed 0 rows due to invalid datetime parsing.","logger":"root","filename":"taxi_pipeline.py","lineno":90}
{"timestamp":"2026-03-14T08:26:38.703705Z","level":"info","event":"Step 3: Removed 7 rows due to invalid fare_amount.","logger":"root","filename":"taxi_pipeline.py","lineno":95}
{"timestamp":"2026-03-14T08:26:38.704544Z","level":"info","event":"Step 4: Removed 49 rows due to invalid trip_distance.","logger":"root","filename":"taxi_pipeline.py","lineno":100}
{"timestamp":"2026-03-14T08:26:38.704674Z","level":"info","event":"Step 5: Removed 0 rows due to invalid coordinates.","logger":"root","filename":"taxi_pipeline.py","lineno":118}
{"timestamp":"2026-03-14T08:26:38.704839Z","level":"info","event":"Cleaning complete. Remaining rows: 9944","logger":"root","filename":"taxi_pipeline.py","lineno":120}
{"timestamp":"2026-03-14T08:26:38.822088Z","level":"info","event":"Saved cleaned data to: /opt/airflow/dags/nyc_taxi_clean.csv","logger":"root","filename":"taxi_pipeline.py","lineno":124}
{"timestamp":"2026-03-14T08:26:38.832735Z","level":"info","event":"Done. Returned value was: /opt/airflow/dags/nyc_taxi_clean.csv","logger":"airflow.task.operators.airflow.providers.standard.operators.python.PythonOperator","filename":"python.py","lineno":230}
{"timestamp":"2026-03-14T08:26:38.833009Z","level":"info","event":"Pushing xcom","ti":"RuntimeTaskInstance(id=UUID('019ceb74-49fd-7a0b-956c-57042444b600'), task_id='clean_taxi_data', dag_id='nyc_taxi_etl_pipeline', run_id='scheduled__2026-03-14T00:00:00+00:00', try_number=1, dag_version_id=UUID('019ceb73-dd4f-76ab-81ac-be474428d437'), map_index=-1, hostname='cf4d78620643', context_carrier={}, task=<Task(PythonOperator): clean_taxi_data>, bundle_instance=LocalDagBundle(name=dags-folder), max_tries=1, start_date=datetime.datetime(2026, 3, 14, 8, 26, 38, 335504, tzinfo=datetime.timezone.utc), end_date=None, state=<TaskInstanceState.RUNNING: 'running'>, is_mapped=False, rendered_map_index=None)","logger":"task","filename":"task_runner.py","lineno":1522}
{"timestamp":"2026-03-14T08:26:38.853322Z","level":"info","event":"Task instance in success state","logger":"task.stdout"}
{"timestamp":"2026-03-14T08:26:38.853651Z","level":"info","event":" Previous state of the Task instance: TaskInstanceState.RUNNING","logger":"task.stdout"}
{"timestamp":"2026-03-14T08:26:38.853939Z","level":"info","event":"Task operator:<Task(PythonOperator): clean_taxi_data>","logger":"task.stdout"}
{"timestamp":"2026-03-14T08:31:53.877073Z","level":"info","event":"DAG bundles loaded: dags-folder, example_dags","logger":"airflow.dag_processing.bundles.manager.DagBundlesManager","filename":"manager.py","lineno":179}
{"timestamp":"2026-03-14T08:31:53.878414Z","level":"info","event":"Filling up the DagBag from /opt/airflow/dags/taxi_pipeline.py","logger":"airflow.models.dagbag.BundleDagBag","filename":"dagbag.py","lineno":593}
{"timestamp":"2026-03-14T08:31:53.888052Z","level":"warning","event":"The `airflow.operators.python.PythonOperator` attribute is deprecated. Please use `'airflow.providers.standard.operators.python.PythonOperator'`.","category":"DeprecatedImportWarning","filename":"/opt/airflow/dags/taxi_pipeline.py","lineno":2,"logger":"py.warnings"}
{"timestamp":"2026-03-14T08:31:53.901635Z","level":"info","event":"Task instance is in running state","logger":"task.stdout"}
{"timestamp":"2026-03-14T08:31:53.901950Z","level":"info","event":" Previous state of the Task instance: TaskInstanceState.QUEUED","logger":"task.stdout"}
{"timestamp":"2026-03-14T08:31:53.902147Z","level":"info","event":"Current task name:clean_taxi_data","logger":"task.stdout"}
{"timestamp":"2026-03-14T08:31:53.902348Z","level":"info","event":"Dag name:nyc_taxi_etl_pipeline","logger":"task.stdout"}
{"timestamp":"2026-03-14T08:31:53.909137Z","level":"info","event":"Loading raw data from: /opt/airflow/dags/nyc_taxi_raw.csv","logger":"root","filename":"taxi_pipeline.py","lineno":70}
{"timestamp":"2026-03-14T08:31:53.945702Z","level":"info","event":"Initial row count: 9901","logger":"root","filename":"taxi_pipeline.py","lineno":76}
{"timestamp":"2026-03-14T08:31:53.945835Z","level":"info","event":"Forcing numeric conversion for critical columns...","logger":"root","filename":"taxi_pipeline.py","lineno":78}
{"timestamp":"2026-03-14T08:31:53.948087Z","level":"info","event":"Step 1: Removed 1 rows with null values.","logger":"root","filename":"taxi_pipeline.py","lineno":84}
{"timestamp":"2026-03-14T08:31:53.949768Z","level":"warning","event":"Could not infer format, so each element will be parsed individually, falling back to `dateutil`. To ensure parsing is consistent and as-expected, please specify a format.","category":"UserWarning","filename":"/opt/airflow/dags/taxi_pipeline.py","lineno":87,"logger":"py.warnings"}
{"timestamp":"2026-03-14T08:31:54.325917Z","level":"info","event":"Step 2: Removed 0 rows due to invalid datetime parsing.","logger":"root","filename":"taxi_pipeline.py","lineno":90}
{"timestamp":"2026-03-14T08:31:54.327110Z","level":"info","event":"Step 3: Removed 16 rows due to invalid fare_amount.","logger":"root","filename":"taxi_pipeline.py","lineno":95}
{"timestamp":"2026-03-14T08:31:54.328123Z","level":"info","event":"Step 4: Removed 131 rows due to invalid trip_distance.","logger":"root","filename":"taxi_pipeline.py","lineno":100}
{"timestamp":"2026-03-14T08:31:54.328259Z","level":"info","event":"Step 5: Removed 0 rows due to invalid coordinates.","logger":"root","filename":"taxi_pipeline.py","lineno":118}
{"timestamp":"2026-03-14T08:31:54.328314Z","level":"info","event":"Cleaning complete. Remaining rows: 9753","logger":"root","filename":"taxi_pipeline.py","lineno":120}
{"timestamp":"2026-03-14T08:31:54.456172Z","level":"info","event":"Saved cleaned data to: /opt/airflow/dags/nyc_taxi_clean.csv","logger":"root","filename":"taxi_pipeline.py","lineno":124}
{"timestamp":"2026-03-14T08:31:54.468693Z","level":"info","event":"Done. Returned value was: /opt/airflow/dags/nyc_taxi_clean.csv","logger":"airflow.task.operators.airflow.providers.standard.operators.python.PythonOperator","filename":"python.py","lineno":230}
{"timestamp":"2026-03-14T08:31:54.469014Z","level":"info","event":"Pushing xcom","ti":"RuntimeTaskInstance(id=UUID('019ceb79-1f11-708a-9d0f-a91bf89f9454'), task_id='clean_taxi_data', dag_id='nyc_taxi_etl_pipeline', run_id='scheduled__2026-03-14T00:00:00+00:00', try_number=1, dag_version_id=UUID('019ceb78-9b71-7d2e-a7a1-9bd11249f31c'), map_index=-1, hostname='cf4d78620643', context_carrier={}, task=<Task(PythonOperator): clean_taxi_data>, bundle_instance=LocalDagBundle(name=dags-folder), max_tries=1, start_date=datetime.datetime(2026, 3, 14, 8, 31, 53, 635434, tzinfo=datetime.timezone.utc), end_date=None, state=<TaskInstanceState.RUNNING: 'running'>, is_mapped=False, rendered_map_index=None)","logger":"task","filename":"task_runner.py","lineno":1522}
{"timestamp":"2026-03-14T08:31:54.498311Z","level":"info","event":"Task instance in success state","logger":"task.stdout"}
{"timestamp":"2026-03-14T08:31:54.498694Z","level":"info","event":" Previous state of the Task instance: TaskInstanceState.RUNNING","logger":"task.stdout"}
{"timestamp":"2026-03-14T08:31:54.499248Z","level":"info","event":"Task operator:<Task(PythonOperator): clean_taxi_data>","logger":"task.stdout"}
