{"timestamp":"2026-03-14T08:11:39.588237Z","level":"info","event":"DAG bundles loaded: dags-folder, example_dags","logger":"airflow.dag_processing.bundles.manager.DagBundlesManager","filename":"manager.py","lineno":179}
{"timestamp":"2026-03-14T08:11:39.589949Z","level":"info","event":"Filling up the DagBag from /opt/airflow/dags/taxi_pipeline.py","logger":"airflow.models.dagbag.BundleDagBag","filename":"dagbag.py","lineno":593}
{"timestamp":"2026-03-14T08:11:39.601230Z","level":"warning","event":"The `airflow.operators.python.PythonOperator` attribute is deprecated. Please use `'airflow.providers.standard.operators.python.PythonOperator'`.","category":"DeprecatedImportWarning","filename":"/opt/airflow/dags/taxi_pipeline.py","lineno":2,"logger":"py.warnings"}
{"timestamp":"2026-03-14T08:11:39.621313Z","level":"info","event":"Task instance is in running state","logger":"task.stdout"}
{"timestamp":"2026-03-14T08:11:39.621727Z","level":"info","event":" Previous state of the Task instance: TaskInstanceState.QUEUED","logger":"task.stdout"}
{"timestamp":"2026-03-14T08:11:39.622005Z","level":"info","event":"Current task name:clean_taxi_data","logger":"task.stdout"}
{"timestamp":"2026-03-14T08:11:39.622149Z","level":"info","event":"Dag name:nyc_taxi_etl_pipeline","logger":"task.stdout"}
{"timestamp":"2026-03-14T08:11:39.629416Z","level":"info","event":"Loading raw data from: /opt/airflow/dags/nyc_taxi_raw.csv","logger":"root","filename":"taxi_pipeline.py","lineno":67}
{"timestamp":"2026-03-14T08:11:39.656790Z","level":"info","event":"Initial row count: 10103","logger":"root","filename":"taxi_pipeline.py","lineno":75}
{"timestamp":"2026-03-14T08:11:39.656971Z","level":"info","event":"Forcing numeric conversion for critical columns...","logger":"root","filename":"taxi_pipeline.py","lineno":77}
{"timestamp":"2026-03-14T08:11:39.659499Z","level":"info","event":"Step 1: Removed 1 rows with null values.","logger":"root","filename":"taxi_pipeline.py","lineno":83}
{"timestamp":"2026-03-14T08:11:39.661591Z","level":"warning","event":"Could not infer format, so each element will be parsed individually, falling back to `dateutil`. To ensure parsing is consistent and as-expected, please specify a format.","category":"UserWarning","filename":"/opt/airflow/dags/taxi_pipeline.py","lineno":86,"logger":"py.warnings"}
{"timestamp":"2026-03-14T08:11:40.077923Z","level":"info","event":"Step 2: Removed 0 rows due to invalid datetime parsing.","logger":"root","filename":"taxi_pipeline.py","lineno":89}
{"timestamp":"2026-03-14T08:11:40.078886Z","level":"info","event":"Step 3: Removed 15 rows due to invalid fare_amount.","logger":"root","filename":"taxi_pipeline.py","lineno":94}
{"timestamp":"2026-03-14T08:11:40.079610Z","level":"info","event":"Step 4: Removed 105 rows due to invalid trip_distance.","logger":"root","filename":"taxi_pipeline.py","lineno":99}
{"timestamp":"2026-03-14T08:11:40.079697Z","level":"info","event":"Step 5: Removed 0 rows due to invalid coordinates.","logger":"root","filename":"taxi_pipeline.py","lineno":117}
{"timestamp":"2026-03-14T08:11:40.079741Z","level":"info","event":"Cleaning complete. Remaining rows: 9982","logger":"root","filename":"taxi_pipeline.py","lineno":119}
{"timestamp":"2026-03-14T08:11:40.223489Z","level":"info","event":"Saved cleaned data to: /opt/airflow/dags/nyc_taxi_clean.csv","logger":"root","filename":"taxi_pipeline.py","lineno":123}
{"timestamp":"2026-03-14T08:11:40.234571Z","level":"info","event":"Done. Returned value was: /opt/airflow/dags/nyc_taxi_clean.csv","logger":"airflow.task.operators.airflow.providers.standard.operators.python.PythonOperator","filename":"python.py","lineno":230}
{"timestamp":"2026-03-14T08:11:40.234824Z","level":"info","event":"Pushing xcom","ti":"RuntimeTaskInstance(id=UUID('019ceb66-8ff9-7b5e-bc74-7e0189b39f4b'), task_id='clean_taxi_data', dag_id='nyc_taxi_etl_pipeline', run_id='manual__2026-03-14T08:11:33.224863+00:00', try_number=1, dag_version_id=UUID('019ceb66-10cf-7abd-b140-5989ef16b32c'), map_index=-1, hostname='cf4d78620643', context_carrier={}, task=<Task(PythonOperator): clean_taxi_data>, bundle_instance=LocalDagBundle(name=dags-folder), max_tries=1, start_date=datetime.datetime(2026, 3, 14, 8, 11, 39, 287053, tzinfo=datetime.timezone.utc), end_date=None, state=<TaskInstanceState.RUNNING: 'running'>, is_mapped=False, rendered_map_index=None)","logger":"task","filename":"task_runner.py","lineno":1522}
{"timestamp":"2026-03-14T08:11:40.263024Z","level":"info","event":"Task instance in success state","logger":"task.stdout"}
{"timestamp":"2026-03-14T08:11:40.266008Z","level":"info","event":" Previous state of the Task instance: TaskInstanceState.RUNNING","logger":"task.stdout"}
{"timestamp":"2026-03-14T08:11:40.268055Z","level":"info","event":"Task operator:<Task(PythonOperator): clean_taxi_data>","logger":"task.stdout"}
